<?xml version="1.0" encoding="UTF-8"?>
<coverage generated="1735359910861" clover="3.2.0">
  <project timestamp="1735359910862" name="All files">
    <metrics statements="14" coveredstatements="14" conditionals="6" coveredconditionals="0" methods="7" coveredmethods="7" elements="27" coveredelements="21" complexity="0" loc="14" ncloc="14" packages="3" files="6" classes="6"/>
    <package name="assets.home">
      <metrics statements="8" coveredstatements="8" conditionals="6" coveredconditionals="0" methods="4" coveredmethods="4"/>
      <file name="BoxIcon.jsx" path="D:\Course, Bootcamp\Lumoshive Academy\Tugas\Final Project\final-project-e-commerce-kelompok-3-dashboard\src\assets\home\BoxIcon.jsx">
        <metrics statements="2" coveredstatements="2" conditionals="3" coveredconditionals="0" methods="1" coveredmethods="1"/>
        <line num="3" count="1" type="cond" truecount="0" falsecount="3"/>
        <line num="4" count="3" type="stmt"/>
      </file>
      <file name="CursorIcon.jsx" path="D:\Course, Bootcamp\Lumoshive Academy\Tugas\Final Project\final-project-e-commerce-kelompok-3-dashboard\src\assets\home\CursorIcon.jsx">
        <metrics statements="2" coveredstatements="2" conditionals="1" coveredconditionals="0" methods="1" coveredmethods="1"/>
        <line num="3" count="1" type="cond" truecount="0" falsecount="1"/>
        <line num="4" count="3" type="stmt"/>
      </file>
      <file name="SalesIcon.jsx" path="D:\Course, Bootcamp\Lumoshive Academy\Tugas\Final Project\final-project-e-commerce-kelompok-3-dashboard\src\assets\home\SalesIcon.jsx">
        <metrics statements="2" coveredstatements="2" conditionals="1" coveredconditionals="0" methods="1" coveredmethods="1"/>
        <line num="3" count="1" type="cond" truecount="0" falsecount="1"/>
        <line num="4" count="3" type="stmt"/>
      </file>
      <file name="UsersIcon.jsx" path="D:\Course, Bootcamp\Lumoshive Academy\Tugas\Final Project\final-project-e-commerce-kelompok-3-dashboard\src\assets\home\UsersIcon.jsx">
        <metrics statements="2" coveredstatements="2" conditionals="1" coveredconditionals="0" methods="1" coveredmethods="1"/>
        <line num="3" count="1" type="cond" truecount="0" falsecount="1"/>
        <line num="4" count="3" type="stmt"/>
      </file>
    </package>
    <package name="components">
      <metrics statements="2" coveredstatements="2" conditionals="0" coveredconditionals="0" methods="1" coveredmethods="1"/>
      <file name="Hello.jsx" path="D:\Course, Bootcamp\Lumoshive Academy\Tugas\Final Project\final-project-e-commerce-kelompok-3-dashboard\src\components\Hello.jsx">
        <metrics statements="2" coveredstatements="2" conditionals="0" coveredconditionals="0" methods="1" coveredmethods="1"/>
        <line num="1" count="1" type="stmt"/>
        <line num="2" count="1" type="stmt"/>
      </file>
    </package>
    <package name="components.home">
      <metrics statements="4" coveredstatements="4" conditionals="0" coveredconditionals="0" methods="2" coveredmethods="2"/>
      <file name="SummaryCard.jsx" path="D:\Course, Bootcamp\Lumoshive Academy\Tugas\Final Project\final-project-e-commerce-kelompok-3-dashboard\src\components\home\SummaryCard.jsx">
        <metrics statements="4" coveredstatements="4" conditionals="0" coveredconditionals="0" methods="2" coveredmethods="2"/>
        <line num="7" count="1" type="stmt"/>
        <line num="9" count="3" type="stmt"/>
        <line num="32" count="3" type="stmt"/>
        <line num="37" count="12" type="stmt"/>
      </file>
    </package>
  </project>
</coverage>
