{"C:\\Users\\UsEr\\OneDrive\\Dokumen\\lumoshive\\final-proyek\\e-comerce\\Final-Project-E-Commerce-Kelompok-3-Dashboard\\src\\assets\\alert\\ConfirmAlert.jsx": {"path":"C:\\Users\\UsEr\\OneDrive\\Dokumen\\lumoshive\\final-proyek\\e-comerce\\Final-Project-E-Commerce-Kelompok-3-Dashboard\\src\\assets\\alert\\ConfirmAlert.jsx","statementMap":{"0":{"start":{"line":3,"column":21},"end":{"line":23,"column":1}},"1":{"start":{"line":4,"column":2},"end":{"line":22,"column":4}}},"fnMap":{"0":{"name":"(anonymous_0)","decl":{"start":{"line":3,"column":21},"end":{"line":3,"column":22}},"loc":{"start":{"line":3,"column":27},"end":{"line":23,"column":1}},"line":3}},"branchMap":{},"s":{"0":1,"1":0},"f":{"0":0},"b":{},"_coverageSchema":"1a1c01bbd47fc00a2c39e90264f33305004495a9","hash":"883f7d10675e745a64edea59f49847d1790d4e1d"}
,"C:\\Users\\UsEr\\OneDrive\\Dokumen\\lumoshive\\final-proyek\\e-comerce\\Final-Project-E-Commerce-Kelompok-3-Dashboard\\src\\assets\\alert\\SuccessAlertIcon.jsx": {"path":"C:\\Users\\UsEr\\OneDrive\\Dokumen\\lumoshive\\final-proyek\\e-comerce\\Final-Project-E-Commerce-Kelompok-3-Dashboard\\src\\assets\\alert\\SuccessAlertIcon.jsx","statementMap":{"0":{"start":{"line":3,"column":25},"end":{"line":17,"column":1}},"1":{"start":{"line":4,"column":2},"end":{"line":16,"column":4}}},"fnMap":{"0":{"name":"(anonymous_0)","decl":{"start":{"line":3,"column":25},"end":{"line":3,"column":26}},"loc":{"start":{"line":3,"column":31},"end":{"line":17,"column":1}},"line":3}},"branchMap":{},"s":{"0":1,"1":0},"f":{"0":0},"b":{},"_coverageSchema":"1a1c01bbd47fc00a2c39e90264f33305004495a9","hash":"ec6cbe701c3fa19e382bdd270d2f418f43ebaeea"}
,"C:\\Users\\UsEr\\OneDrive\\Dokumen\\lumoshive\\final-proyek\\e-comerce\\Final-Project-E-Commerce-Kelompok-3-Dashboard\\src\\assets\\auth\\Eye.jsx": {"path":"C:\\Users\\UsEr\\OneDrive\\Dokumen\\lumoshive\\final-proyek\\e-comerce\\Final-Project-E-Commerce-Kelompok-3-Dashboard\\src\\assets\\auth\\Eye.jsx","statementMap":{"0":{"start":{"line":3,"column":12},"end":{"line":12,"column":1}},"1":{"start":{"line":4,"column":2},"end":{"line":11,"column":4}}},"fnMap":{"0":{"name":"(anonymous_0)","decl":{"start":{"line":3,"column":12},"end":{"line":3,"column":13}},"loc":{"start":{"line":3,"column":18},"end":{"line":12,"column":1}},"line":3}},"branchMap":{},"s":{"0":2,"1":6},"f":{"0":6},"b":{},"_coverageSchema":"1a1c01bbd47fc00a2c39e90264f33305004495a9","hash":"5430e77e3c65ab1866b9871b14f9b70913cfd236"}
,"C:\\Users\\UsEr\\OneDrive\\Dokumen\\lumoshive\\final-proyek\\e-comerce\\Final-Project-E-Commerce-Kelompok-3-Dashboard\\src\\assets\\auth\\EyeOf.jsx": {"path":"C:\\Users\\UsEr\\OneDrive\\Dokumen\\lumoshive\\final-proyek\\e-comerce\\Final-Project-E-Commerce-Kelompok-3-Dashboard\\src\\assets\\auth\\EyeOf.jsx","statementMap":{"0":{"start":{"line":3,"column":14},"end":{"line":12,"column":1}},"1":{"start":{"line":4,"column":2},"end":{"line":11,"column":4}}},"fnMap":{"0":{"name":"(anonymous_0)","decl":{"start":{"line":3,"column":14},"end":{"line":3,"column":15}},"loc":{"start":{"line":3,"column":20},"end":{"line":12,"column":1}},"line":3}},"branchMap":{},"s":{"0":2,"1":0},"f":{"0":0},"b":{},"_coverageSchema":"1a1c01bbd47fc00a2c39e90264f33305004495a9","hash":"f05d184f2c3c1c0ba7f8dc8877f519644d314c73"}
,"C:\\Users\\UsEr\\OneDrive\\Dokumen\\lumoshive\\final-proyek\\e-comerce\\Final-Project-E-Commerce-Kelompok-3-Dashboard\\src\\assets\\banner\\EyeIcon.jsx": {"path":"C:\\Users\\UsEr\\OneDrive\\Dokumen\\lumoshive\\final-proyek\\e-comerce\\Final-Project-E-Commerce-Kelompok-3-Dashboard\\src\\assets\\banner\\EyeIcon.jsx","statementMap":{"0":{"start":{"line":3,"column":16},"end":{"line":19,"column":1}},"1":{"start":{"line":4,"column":2},"end":{"line":18,"column":4}}},"fnMap":{"0":{"name":"(anonymous_0)","decl":{"start":{"line":3,"column":16},"end":{"line":3,"column":17}},"loc":{"start":{"line":3,"column":22},"end":{"line":19,"column":1}},"line":3}},"branchMap":{},"s":{"0":1,"1":10},"f":{"0":10},"b":{},"_coverageSchema":"1a1c01bbd47fc00a2c39e90264f33305004495a9","hash":"20dc3be0293cb55ef751dc6b2649054945bc6128"}
,"C:\\Users\\UsEr\\OneDrive\\Dokumen\\lumoshive\\final-proyek\\e-comerce\\Final-Project-E-Commerce-Kelompok-3-Dashboard\\src\\assets\\banner\\PencilIcon.jsx": {"path":"C:\\Users\\UsEr\\OneDrive\\Dokumen\\lumoshive\\final-proyek\\e-comerce\\Final-Project-E-Commerce-Kelompok-3-Dashboard\\src\\assets\\banner\\PencilIcon.jsx","statementMap":{"0":{"start":{"line":3,"column":19},"end":{"line":19,"column":1}},"1":{"start":{"line":4,"column":2},"end":{"line":18,"column":4}}},"fnMap":{"0":{"name":"(anonymous_0)","decl":{"start":{"line":3,"column":19},"end":{"line":3,"column":20}},"loc":{"start":{"line":3,"column":25},"end":{"line":19,"column":1}},"line":3}},"branchMap":{},"s":{"0":1,"1":10},"f":{"0":10},"b":{},"_coverageSchema":"1a1c01bbd47fc00a2c39e90264f33305004495a9","hash":"975cc65baa90d77b523ec098b3b518938d6984ac"}
,"C:\\Users\\UsEr\\OneDrive\\Dokumen\\lumoshive\\final-proyek\\e-comerce\\Final-Project-E-Commerce-Kelompok-3-Dashboard\\src\\assets\\banner\\ShortFilterIcon.jsx": {"path":"C:\\Users\\UsEr\\OneDrive\\Dokumen\\lumoshive\\final-proyek\\e-comerce\\Final-Project-E-Commerce-Kelompok-3-Dashboard\\src\\assets\\banner\\ShortFilterIcon.jsx","statementMap":{"0":{"start":{"line":3,"column":24},"end":{"line":9,"column":1}},"1":{"start":{"line":4,"column":2},"end":{"line":8,"column":4}}},"fnMap":{"0":{"name":"(anonymous_0)","decl":{"start":{"line":3,"column":24},"end":{"line":3,"column":25}},"loc":{"start":{"line":3,"column":30},"end":{"line":9,"column":1}},"line":3}},"branchMap":{},"s":{"0":1,"1":25},"f":{"0":25},"b":{},"_coverageSchema":"1a1c01bbd47fc00a2c39e90264f33305004495a9","hash":"138fe0aaeb3a1da9c9bdfc1c998dc4555b356442"}
,"C:\\Users\\UsEr\\OneDrive\\Dokumen\\lumoshive\\final-proyek\\e-comerce\\Final-Project-E-Commerce-Kelompok-3-Dashboard\\src\\assets\\banner\\TrashIcon.jsx": {"path":"C:\\Users\\UsEr\\OneDrive\\Dokumen\\lumoshive\\final-proyek\\e-comerce\\Final-Project-E-Commerce-Kelompok-3-Dashboard\\src\\assets\\banner\\TrashIcon.jsx","statementMap":{"0":{"start":{"line":3,"column":18},"end":{"line":12,"column":1}},"1":{"start":{"line":4,"column":2},"end":{"line":11,"column":4}}},"fnMap":{"0":{"name":"(anonymous_0)","decl":{"start":{"line":3,"column":18},"end":{"line":3,"column":19}},"loc":{"start":{"line":3,"column":24},"end":{"line":12,"column":1}},"line":3}},"branchMap":{},"s":{"0":1,"1":10},"f":{"0":10},"b":{},"_coverageSchema":"1a1c01bbd47fc00a2c39e90264f33305004495a9","hash":"ec522090cfe143b03a5bb1fefa47dc1b8ede9a2c"}
,"C:\\Users\\UsEr\\OneDrive\\Dokumen\\lumoshive\\final-proyek\\e-comerce\\Final-Project-E-Commerce-Kelompok-3-Dashboard\\src\\assets\\home\\BoxIcon.jsx": {"path":"C:\\Users\\UsEr\\OneDrive\\Dokumen\\lumoshive\\final-proyek\\e-comerce\\Final-Project-E-Commerce-Kelompok-3-Dashboard\\src\\assets\\home\\BoxIcon.jsx","statementMap":{"0":{"start":{"line":3,"column":16},"end":{"line":32,"column":1}},"1":{"start":{"line":4,"column":2},"end":{"line":31,"column":4}}},"fnMap":{"0":{"name":"(anonymous_0)","decl":{"start":{"line":3,"column":16},"end":{"line":3,"column":17}},"loc":{"start":{"line":3,"column":72},"end":{"line":32,"column":1}},"line":3}},"branchMap":{"0":{"loc":{"start":{"line":3,"column":20},"end":{"line":3,"column":35}},"type":"default-arg","locations":[{"start":{"line":3,"column":28},"end":{"line":3,"column":35}}],"line":3},"1":{"loc":{"start":{"line":3,"column":37},"end":{"line":3,"column":49}},"type":"default-arg","locations":[{"start":{"line":3,"column":45},"end":{"line":3,"column":49}}],"line":3},"2":{"loc":{"start":{"line":3,"column":51},"end":{"line":3,"column":64}},"type":"default-arg","locations":[{"start":{"line":3,"column":60},"end":{"line":3,"column":64}}],"line":3}},"s":{"0":1,"1":3},"f":{"0":3},"b":{"0":[0],"1":[0],"2":[0]},"_coverageSchema":"1a1c01bbd47fc00a2c39e90264f33305004495a9","hash":"f446feb985635bbbfc394e4929f45329015a6d8b"}
,"C:\\Users\\UsEr\\OneDrive\\Dokumen\\lumoshive\\final-proyek\\e-comerce\\Final-Project-E-Commerce-Kelompok-3-Dashboard\\src\\assets\\home\\CursorIcon.jsx": {"path":"C:\\Users\\UsEr\\OneDrive\\Dokumen\\lumoshive\\final-proyek\\e-comerce\\Final-Project-E-Commerce-Kelompok-3-Dashboard\\src\\assets\\home\\CursorIcon.jsx","statementMap":{"0":{"start":{"line":3,"column":19},"end":{"line":18,"column":1}},"1":{"start":{"line":4,"column":2},"end":{"line":17,"column":4}}},"fnMap":{"0":{"name":"(anonymous_0)","decl":{"start":{"line":3,"column":19},"end":{"line":3,"column":20}},"loc":{"start":{"line":3,"column":44},"end":{"line":18,"column":1}},"line":3}},"branchMap":{"0":{"loc":{"start":{"line":3,"column":22},"end":{"line":3,"column":37}},"type":"default-arg","locations":[{"start":{"line":3,"column":30},"end":{"line":3,"column":37}}],"line":3}},"s":{"0":1,"1":3},"f":{"0":3},"b":{"0":[0]},"_coverageSchema":"1a1c01bbd47fc00a2c39e90264f33305004495a9","hash":"75ac6213a4d48bd0c318ffbf3a58c54275a37a9b"}
,"C:\\Users\\UsEr\\OneDrive\\Dokumen\\lumoshive\\final-proyek\\e-comerce\\Final-Project-E-Commerce-Kelompok-3-Dashboard\\src\\assets\\home\\SalesIcon.jsx": {"path":"C:\\Users\\UsEr\\OneDrive\\Dokumen\\lumoshive\\final-proyek\\e-comerce\\Final-Project-E-Commerce-Kelompok-3-Dashboard\\src\\assets\\home\\SalesIcon.jsx","statementMap":{"0":{"start":{"line":3,"column":18},"end":{"line":20,"column":1}},"1":{"start":{"line":4,"column":2},"end":{"line":19,"column":4}}},"fnMap":{"0":{"name":"(anonymous_0)","decl":{"start":{"line":3,"column":18},"end":{"line":3,"column":19}},"loc":{"start":{"line":3,"column":43},"end":{"line":20,"column":1}},"line":3}},"branchMap":{"0":{"loc":{"start":{"line":3,"column":21},"end":{"line":3,"column":36}},"type":"default-arg","locations":[{"start":{"line":3,"column":29},"end":{"line":3,"column":36}}],"line":3}},"s":{"0":1,"1":3},"f":{"0":3},"b":{"0":[0]},"_coverageSchema":"1a1c01bbd47fc00a2c39e90264f33305004495a9","hash":"f37fc146dee60aef72c12f3c8d19425567b5539b"}
,"C:\\Users\\UsEr\\OneDrive\\Dokumen\\lumoshive\\final-proyek\\e-comerce\\Final-Project-E-Commerce-Kelompok-3-Dashboard\\src\\assets\\home\\UsersIcon.jsx": {"path":"C:\\Users\\UsEr\\OneDrive\\Dokumen\\lumoshive\\final-proyek\\e-comerce\\Final-Project-E-Commerce-Kelompok-3-Dashboard\\src\\assets\\home\\UsersIcon.jsx","statementMap":{"0":{"start":{"line":3,"column":18},"end":{"line":25,"column":1}},"1":{"start":{"line":4,"column":2},"end":{"line":24,"column":4}}},"fnMap":{"0":{"name":"(anonymous_0)","decl":{"start":{"line":3,"column":18},"end":{"line":3,"column":19}},"loc":{"start":{"line":3,"column":45},"end":{"line":25,"column":1}},"line":3}},"branchMap":{"0":{"loc":{"start":{"line":3,"column":22},"end":{"line":3,"column":37}},"type":"default-arg","locations":[{"start":{"line":3,"column":30},"end":{"line":3,"column":37}}],"line":3}},"s":{"0":1,"1":3},"f":{"0":3},"b":{"0":[0]},"_coverageSchema":"1a1c01bbd47fc00a2c39e90264f33305004495a9","hash":"32379bf472ca2d0a7a9bf0b681639ec2db314c1c"}
,"C:\\Users\\UsEr\\OneDrive\\Dokumen\\lumoshive\\final-proyek\\e-comerce\\Final-Project-E-Commerce-Kelompok-3-Dashboard\\src\\components\\LoadingSpinner.jsx": {"path":"C:\\Users\\UsEr\\OneDrive\\Dokumen\\lumoshive\\final-proyek\\e-comerce\\Final-Project-E-Commerce-Kelompok-3-Dashboard\\src\\components\\LoadingSpinner.jsx","statementMap":{"0":{"start":{"line":3,"column":23},"end":{"line":10,"column":1}},"1":{"start":{"line":4,"column":2},"end":{"line":9,"column":4}}},"fnMap":{"0":{"name":"(anonymous_0)","decl":{"start":{"line":3,"column":23},"end":{"line":3,"column":24}},"loc":{"start":{"line":3,"column":69},"end":{"line":10,"column":1}},"line":3}},"branchMap":{"0":{"loc":{"start":{"line":3,"column":26},"end":{"line":3,"column":41}},"type":"default-arg","locations":[{"start":{"line":3,"column":34},"end":{"line":3,"column":41}}],"line":3},"1":{"loc":{"start":{"line":3,"column":43},"end":{"line":3,"column":62}},"type":"default-arg","locations":[{"start":{"line":3,"column":55},"end":{"line":3,"column":62}}],"line":3}},"s":{"0":2,"1":0},"f":{"0":0},"b":{"0":[0],"1":[0]},"_coverageSchema":"1a1c01bbd47fc00a2c39e90264f33305004495a9","hash":"3c6faaa749d315d726985069862aab0a080101fc"}
,"C:\\Users\\UsEr\\OneDrive\\Dokumen\\lumoshive\\final-proyek\\e-comerce\\Final-Project-E-Commerce-Kelompok-3-Dashboard\\src\\components\\auth\\FormForgotPassword.jsx": {"path":"C:\\Users\\UsEr\\OneDrive\\Dokumen\\lumoshive\\final-proyek\\e-comerce\\Final-Project-E-Commerce-Kelompok-3-Dashboard\\src\\components\\auth\\FormForgotPassword.jsx","statementMap":{"0":{"start":{"line":5,"column":27},"end":{"line":59,"column":1}},"1":{"start":{"line":6,"column":28},"end":{"line":6,"column":40}},"2":{"start":{"line":7,"column":19},"end":{"line":7,"column":32}},"3":{"start":{"line":9,"column":23},"end":{"line":19,"column":3}},"4":{"start":{"line":10,"column":4},"end":{"line":10,"column":23}},"5":{"start":{"line":11,"column":4},"end":{"line":18,"column":5}},"6":{"start":{"line":13,"column":6},"end":{"line":13,"column":52}},"7":{"start":{"line":15,"column":6},"end":{"line":15,"column":65}},"8":{"start":{"line":17,"column":6},"end":{"line":17,"column":53}},"9":{"start":{"line":21,"column":2},"end":{"line":58,"column":4}},"10":{"start":{"line":34,"column":29},"end":{"line":34,"column":53}}},"fnMap":{"0":{"name":"(anonymous_0)","decl":{"start":{"line":5,"column":27},"end":{"line":5,"column":28}},"loc":{"start":{"line":5,"column":33},"end":{"line":59,"column":1}},"line":5},"1":{"name":"(anonymous_1)","decl":{"start":{"line":9,"column":23},"end":{"line":9,"column":24}},"loc":{"start":{"line":9,"column":36},"end":{"line":19,"column":3}},"line":9},"2":{"name":"(anonymous_2)","decl":{"start":{"line":34,"column":22},"end":{"line":34,"column":23}},"loc":{"start":{"line":34,"column":29},"end":{"line":34,"column":53}},"line":34}},"branchMap":{},"s":{"0":1,"1":5,"2":5,"3":5,"4":1,"5":1,"6":1,"7":1,"8":0,"9":5,"10":2},"f":{"0":5,"1":1,"2":2},"b":{},"_coverageSchema":"1a1c01bbd47fc00a2c39e90264f33305004495a9","hash":"763d1cdcd0c90ee8496838f2d3183e007e20b770"}
,"C:\\Users\\UsEr\\OneDrive\\Dokumen\\lumoshive\\final-proyek\\e-comerce\\Final-Project-E-Commerce-Kelompok-3-Dashboard\\src\\components\\auth\\FormLogin.jsx": {"path":"C:\\Users\\UsEr\\OneDrive\\Dokumen\\lumoshive\\final-proyek\\e-comerce\\Final-Project-E-Commerce-Kelompok-3-Dashboard\\src\\components\\auth\\FormLogin.jsx","statementMap":{"0":{"start":{"line":8,"column":18},"end":{"line":97,"column":1}},"1":{"start":{"line":9,"column":29},"end":{"line":9,"column":63}},"2":{"start":{"line":9,"column":52},"end":{"line":9,"column":62}},"3":{"start":{"line":10,"column":54},"end":{"line":10,"column":69}},"4":{"start":{"line":12,"column":25},"end":{"line":14,"column":3}},"5":{"start":{"line":13,"column":4},"end":{"line":13,"column":47}},"6":{"start":{"line":16,"column":2},"end":{"line":96,"column":4}}},"fnMap":{"0":{"name":"(anonymous_0)","decl":{"start":{"line":8,"column":18},"end":{"line":8,"column":19}},"loc":{"start":{"line":8,"column":69},"end":{"line":97,"column":1}},"line":8},"1":{"name":"(anonymous_1)","decl":{"start":{"line":9,"column":41},"end":{"line":9,"column":42}},"loc":{"start":{"line":9,"column":52},"end":{"line":9,"column":62}},"line":9},"2":{"name":"(anonymous_2)","decl":{"start":{"line":12,"column":25},"end":{"line":12,"column":26}},"loc":{"start":{"line":12,"column":31},"end":{"line":14,"column":3}},"line":12}},"branchMap":{"0":{"loc":{"start":{"line":25,"column":9},"end":{"line":29,"column":9}},"type":"binary-expr","locations":[{"start":{"line":25,"column":9},"end":{"line":25,"column":14}},{"start":{"line":26,"column":10},"end":{"line":28,"column":16}}],"line":25},"1":{"loc":{"start":{"line":27,"column":55},"end":{"line":27,"column":102}},"type":"binary-expr","locations":[{"start":{"line":27,"column":55},"end":{"line":27,"column":60}},{"start":{"line":27,"column":64},"end":{"line":27,"column":102}}],"line":27},"2":{"loc":{"start":{"line":49,"column":20},"end":{"line":49,"column":60}},"type":"cond-expr","locations":[{"start":{"line":49,"column":41},"end":{"line":49,"column":47}},{"start":{"line":49,"column":50},"end":{"line":49,"column":60}}],"line":49},"3":{"loc":{"start":{"line":62,"column":15},"end":{"line":62,"column":55}},"type":"cond-expr","locations":[{"start":{"line":62,"column":36},"end":{"line":62,"column":45}},{"start":{"line":62,"column":48},"end":{"line":62,"column":55}}],"line":62},"4":{"loc":{"start":{"line":81,"column":11},"end":{"line":85,"column":11}},"type":"cond-expr","locations":[{"start":{"line":82,"column":12},"end":{"line":82,"column":30}},{"start":{"line":84,"column":12},"end":{"line":84,"column":21}}],"line":81}},"s":{"0":1,"1":3,"2":6,"3":3,"4":3,"5":0,"6":3},"f":{"0":3,"1":6,"2":0},"b":{"0":[3,0],"1":[0,0],"2":[0,3],"3":[0,3],"4":[0,3]},"_coverageSchema":"1a1c01bbd47fc00a2c39e90264f33305004495a9","hash":"542c82334c7c324afb166b155a59a434a8f82e48"}
,"C:\\Users\\UsEr\\OneDrive\\Dokumen\\lumoshive\\final-proyek\\e-comerce\\Final-Project-E-Commerce-Kelompok-3-Dashboard\\src\\components\\auth\\FormOTP .jsx": {"path":"C:\\Users\\UsEr\\OneDrive\\Dokumen\\lumoshive\\final-proyek\\e-comerce\\Final-Project-E-Commerce-Kelompok-3-Dashboard\\src\\components\\auth\\FormOTP .jsx","statementMap":{"0":{"start":{"line":6,"column":16},"end":{"line":88,"column":1}},"1":{"start":{"line":7,"column":25},"end":{"line":7,"column":42}},"2":{"start":{"line":8,"column":16},"end":{"line":8,"column":41}},"3":{"start":{"line":9,"column":19},"end":{"line":9,"column":32}},"4":{"start":{"line":10,"column":24},"end":{"line":10,"column":50}},"5":{"start":{"line":11,"column":20},"end":{"line":11,"column":60}},"6":{"start":{"line":13,"column":23},"end":{"line":24,"column":3}},"7":{"start":{"line":14,"column":4},"end":{"line":23,"column":5}},"8":{"start":{"line":15,"column":21},"end":{"line":15,"column":29}},"9":{"start":{"line":16,"column":6},"end":{"line":16,"column":28}},"10":{"start":{"line":17,"column":6},"end":{"line":17,"column":21}},"11":{"start":{"line":20,"column":6},"end":{"line":22,"column":7}},"12":{"start":{"line":21,"column":8},"end":{"line":21,"column":45}},"13":{"start":{"line":26,"column":24},"end":{"line":31,"column":3}},"14":{"start":{"line":28,"column":4},"end":{"line":30,"column":5}},"15":{"start":{"line":29,"column":6},"end":{"line":29,"column":43}},"16":{"start":{"line":33,"column":23},"end":{"line":44,"column":3}},"17":{"start":{"line":34,"column":4},"end":{"line":34,"column":23}},"18":{"start":{"line":35,"column":4},"end":{"line":43,"column":5}},"19":{"start":{"line":36,"column":24},"end":{"line":36,"column":36}},"20":{"start":{"line":37,"column":6},"end":{"line":37,"column":68}},"21":{"start":{"line":40,"column":6},"end":{"line":40,"column":34}},"22":{"start":{"line":42,"column":6},"end":{"line":42,"column":54}},"23":{"start":{"line":46,"column":2},"end":{"line":87,"column":4}},"24":{"start":{"line":56,"column":12},"end":{"line":66,"column":14}},"25":{"start":{"line":62,"column":31},"end":{"line":62,"column":66}},"26":{"start":{"line":63,"column":32},"end":{"line":63,"column":55}}},"fnMap":{"0":{"name":"(anonymous_0)","decl":{"start":{"line":6,"column":16},"end":{"line":6,"column":17}},"loc":{"start":{"line":6,"column":22},"end":{"line":88,"column":1}},"line":6},"1":{"name":"(anonymous_1)","decl":{"start":{"line":13,"column":23},"end":{"line":13,"column":24}},"loc":{"start":{"line":13,"column":41},"end":{"line":24,"column":3}},"line":13},"2":{"name":"(anonymous_2)","decl":{"start":{"line":26,"column":24},"end":{"line":26,"column":25}},"loc":{"start":{"line":26,"column":38},"end":{"line":31,"column":3}},"line":26},"3":{"name":"(anonymous_3)","decl":{"start":{"line":33,"column":23},"end":{"line":33,"column":24}},"loc":{"start":{"line":33,"column":36},"end":{"line":44,"column":3}},"line":33},"4":{"name":"(anonymous_4)","decl":{"start":{"line":55,"column":19},"end":{"line":55,"column":20}},"loc":{"start":{"line":56,"column":12},"end":{"line":66,"column":14}},"line":56},"5":{"name":"(anonymous_5)","decl":{"start":{"line":62,"column":24},"end":{"line":62,"column":25}},"loc":{"start":{"line":62,"column":31},"end":{"line":62,"column":66}},"line":62},"6":{"name":"(anonymous_6)","decl":{"start":{"line":63,"column":25},"end":{"line":63,"column":26}},"loc":{"start":{"line":63,"column":32},"end":{"line":63,"column":55}},"line":63}},"branchMap":{"0":{"loc":{"start":{"line":14,"column":4},"end":{"line":23,"column":5}},"type":"if","locations":[{"start":{"line":14,"column":4},"end":{"line":23,"column":5}},{"start":{},"end":{}}],"line":14},"1":{"loc":{"start":{"line":20,"column":6},"end":{"line":22,"column":7}},"type":"if","locations":[{"start":{"line":20,"column":6},"end":{"line":22,"column":7}},{"start":{},"end":{}}],"line":20},"2":{"loc":{"start":{"line":20,"column":10},"end":{"line":20,"column":28}},"type":"binary-expr","locations":[{"start":{"line":20,"column":10},"end":{"line":20,"column":15}},{"start":{"line":20,"column":19},"end":{"line":20,"column":28}}],"line":20},"3":{"loc":{"start":{"line":28,"column":4},"end":{"line":30,"column":5}},"type":"if","locations":[{"start":{"line":28,"column":4},"end":{"line":30,"column":5}},{"start":{},"end":{}}],"line":28},"4":{"loc":{"start":{"line":28,"column":8},"end":{"line":28,"column":57}},"type":"binary-expr","locations":[{"start":{"line":28,"column":8},"end":{"line":28,"column":29}},{"start":{"line":28,"column":33},"end":{"line":28,"column":44}},{"start":{"line":28,"column":48},"end":{"line":28,"column":57}}],"line":28}},"s":{"0":1,"1":11,"2":11,"3":11,"4":11,"5":11,"6":11,"7":8,"8":8,"9":8,"10":8,"11":8,"12":6,"13":11,"14":0,"15":0,"16":11,"17":1,"18":1,"19":1,"20":1,"21":1,"22":0,"23":11,"24":44,"25":8,"26":0},"f":{"0":11,"1":8,"2":0,"3":1,"4":44,"5":8,"6":0},"b":{"0":[8,0],"1":[6,2],"2":[8,8],"3":[0,0],"4":[0,0,0]},"_coverageSchema":"1a1c01bbd47fc00a2c39e90264f33305004495a9","hash":"62f7f17f3081f2bbcef973a19c878c14b757909d"}
,"C:\\Users\\UsEr\\OneDrive\\Dokumen\\lumoshive\\final-proyek\\e-comerce\\Final-Project-E-Commerce-Kelompok-3-Dashboard\\src\\components\\auth\\FormRegister.jsx": {"path":"C:\\Users\\UsEr\\OneDrive\\Dokumen\\lumoshive\\final-proyek\\e-comerce\\Final-Project-E-Commerce-Kelompok-3-Dashboard\\src\\components\\auth\\FormRegister.jsx","statementMap":{"0":{"start":{"line":8,"column":21},"end":{"line":102,"column":1}},"1":{"start":{"line":9,"column":29},"end":{"line":9,"column":63}},"2":{"start":{"line":9,"column":52},"end":{"line":9,"column":62}},"3":{"start":{"line":10,"column":54},"end":{"line":10,"column":69}},"4":{"start":{"line":12,"column":25},"end":{"line":14,"column":3}},"5":{"start":{"line":13,"column":4},"end":{"line":13,"column":47}},"6":{"start":{"line":16,"column":2},"end":{"line":101,"column":4}}},"fnMap":{"0":{"name":"(anonymous_0)","decl":{"start":{"line":8,"column":21},"end":{"line":8,"column":22}},"loc":{"start":{"line":8,"column":72},"end":{"line":102,"column":1}},"line":8},"1":{"name":"(anonymous_1)","decl":{"start":{"line":9,"column":41},"end":{"line":9,"column":42}},"loc":{"start":{"line":9,"column":52},"end":{"line":9,"column":62}},"line":9},"2":{"name":"(anonymous_2)","decl":{"start":{"line":12,"column":25},"end":{"line":12,"column":26}},"loc":{"start":{"line":12,"column":31},"end":{"line":14,"column":3}},"line":12}},"branchMap":{"0":{"loc":{"start":{"line":23,"column":9},"end":{"line":27,"column":9}},"type":"binary-expr","locations":[{"start":{"line":23,"column":9},"end":{"line":23,"column":14}},{"start":{"line":24,"column":10},"end":{"line":26,"column":16}}],"line":23},"1":{"loc":{"start":{"line":25,"column":55},"end":{"line":25,"column":102}},"type":"binary-expr","locations":[{"start":{"line":25,"column":55},"end":{"line":25,"column":60}},{"start":{"line":25,"column":64},"end":{"line":25,"column":102}}],"line":25},"2":{"loc":{"start":{"line":60,"column":20},"end":{"line":60,"column":60}},"type":"cond-expr","locations":[{"start":{"line":60,"column":41},"end":{"line":60,"column":47}},{"start":{"line":60,"column":50},"end":{"line":60,"column":60}}],"line":60},"3":{"loc":{"start":{"line":73,"column":15},"end":{"line":73,"column":55}},"type":"cond-expr","locations":[{"start":{"line":73,"column":36},"end":{"line":73,"column":45}},{"start":{"line":73,"column":48},"end":{"line":73,"column":55}}],"line":73},"4":{"loc":{"start":{"line":83,"column":11},"end":{"line":87,"column":11}},"type":"cond-expr","locations":[{"start":{"line":84,"column":12},"end":{"line":84,"column":30}},{"start":{"line":86,"column":12},"end":{"line":86,"column":25}}],"line":83}},"s":{"0":1,"1":3,"2":6,"3":3,"4":3,"5":0,"6":3},"f":{"0":3,"1":6,"2":0},"b":{"0":[3,0],"1":[0,0],"2":[0,3],"3":[0,3],"4":[0,3]},"_coverageSchema":"1a1c01bbd47fc00a2c39e90264f33305004495a9","hash":"ff8db1d7d46accc72b8c2ef5f6e4ad202d53f574"}
,"C:\\Users\\UsEr\\OneDrive\\Dokumen\\lumoshive\\final-proyek\\e-comerce\\Final-Project-E-Commerce-Kelompok-3-Dashboard\\src\\components\\banner\\HeaderBanner.jsx": {"path":"C:\\Users\\UsEr\\OneDrive\\Dokumen\\lumoshive\\final-proyek\\e-comerce\\Final-Project-E-Commerce-Kelompok-3-Dashboard\\src\\components\\banner\\HeaderBanner.jsx","statementMap":{"0":{"start":{"line":5,"column":21},"end":{"line":62,"column":1}},"1":{"start":{"line":6,"column":46},"end":{"line":6,"column":58}},"2":{"start":{"line":8,"column":24},"end":{"line":14,"column":3}},"3":{"start":{"line":16,"column":29},"end":{"line":20,"column":3}},"4":{"start":{"line":17,"column":18},"end":{"line":17,"column":32}},"5":{"start":{"line":18,"column":4},"end":{"line":18,"column":29}},"6":{"start":{"line":19,"column":4},"end":{"line":19,"column":26}},"7":{"start":{"line":22,"column":2},"end":{"line":61,"column":4}},"8":{"start":{"line":49,"column":12},"end":{"line":51,"column":21}},"9":{"start":{"line":64,"column":0},"end":{"line":67,"column":2}}},"fnMap":{"0":{"name":"(anonymous_0)","decl":{"start":{"line":5,"column":21},"end":{"line":5,"column":22}},"loc":{"start":{"line":5,"column":55},"end":{"line":62,"column":1}},"line":5},"1":{"name":"(anonymous_1)","decl":{"start":{"line":16,"column":29},"end":{"line":16,"column":30}},"loc":{"start":{"line":16,"column":36},"end":{"line":20,"column":3}},"line":16},"2":{"name":"(anonymous_2)","decl":{"start":{"line":48,"column":29},"end":{"line":48,"column":30}},"loc":{"start":{"line":49,"column":12},"end":{"line":51,"column":21}},"line":49}},"branchMap":{},"s":{"0":1,"1":4,"2":4,"3":4,"4":1,"5":1,"6":1,"7":4,"8":20,"9":1},"f":{"0":4,"1":1,"2":20},"b":{},"_coverageSchema":"1a1c01bbd47fc00a2c39e90264f33305004495a9","hash":"7c50f9654abc2b43db6e44a2cff60580399c4450"}
,"C:\\Users\\UsEr\\OneDrive\\Dokumen\\lumoshive\\final-proyek\\e-comerce\\Final-Project-E-Commerce-Kelompok-3-Dashboard\\src\\components\\banner\\PaginationBanner.jsx": {"path":"C:\\Users\\UsEr\\OneDrive\\Dokumen\\lumoshive\\final-proyek\\e-comerce\\Final-Project-E-Commerce-Kelompok-3-Dashboard\\src\\components\\banner\\PaginationBanner.jsx","statementMap":{"0":{"start":{"line":4,"column":25},"end":{"line":66,"column":1}},"1":{"start":{"line":16,"column":2},"end":{"line":65,"column":4}},"2":{"start":{"line":28,"column":14},"end":{"line":28,"column":53}},"3":{"start":{"line":29,"column":14},"end":{"line":29,"column":32}},"4":{"start":{"line":68,"column":0},"end":{"line":79,"column":2}}},"fnMap":{"0":{"name":"(anonymous_0)","decl":{"start":{"line":4,"column":25},"end":{"line":4,"column":26}},"loc":{"start":{"line":15,"column":6},"end":{"line":66,"column":1}},"line":15},"1":{"name":"(anonymous_1)","decl":{"start":{"line":27,"column":22},"end":{"line":27,"column":23}},"loc":{"start":{"line":27,"column":29},"end":{"line":30,"column":13}},"line":27}},"branchMap":{"0":{"loc":{"start":{"line":42,"column":14},"end":{"line":42,"column":67}},"type":"cond-expr","locations":[{"start":{"line":42,"column":34},"end":{"line":42,"column":49}},{"start":{"line":42,"column":52},"end":{"line":42,"column":67}}],"line":42},"1":{"loc":{"start":{"line":55,"column":14},"end":{"line":55,"column":76}},"type":"cond-expr","locations":[{"start":{"line":55,"column":43},"end":{"line":55,"column":58}},{"start":{"line":55,"column":61},"end":{"line":55,"column":76}}],"line":55}},"s":{"0":1,"1":6,"2":1,"3":1,"4":1},"f":{"0":6,"1":1},"b":{"0":[5,1],"1":[1,5]},"_coverageSchema":"1a1c01bbd47fc00a2c39e90264f33305004495a9","hash":"942b496c6dff4b3cf96c28bf196a2bf80559071e"}
,"C:\\Users\\UsEr\\OneDrive\\Dokumen\\lumoshive\\final-proyek\\e-comerce\\Final-Project-E-Commerce-Kelompok-3-Dashboard\\src\\components\\banner\\TableBanner.jsx": {"path":"C:\\Users\\UsEr\\OneDrive\\Dokumen\\lumoshive\\final-proyek\\e-comerce\\Final-Project-E-Commerce-Kelompok-3-Dashboard\\src\\components\\banner\\TableBanner.jsx","statementMap":{"0":{"start":{"line":11,"column":20},"end":{"line":143,"column":1}},"1":{"start":{"line":12,"column":19},"end":{"line":12,"column":32}},"2":{"start":{"line":13,"column":54},"end":{"line":13,"column":69}},"3":{"start":{"line":14,"column":50},"end":{"line":14,"column":65}},"4":{"start":{"line":15,"column":46},"end":{"line":15,"column":60}},"5":{"start":{"line":17,"column":27},"end":{"line":19,"column":3}},"6":{"start":{"line":18,"column":4},"end":{"line":18,"column":44}},"7":{"start":{"line":21,"column":21},"end":{"line":23,"column":3}},"8":{"start":{"line":22,"column":4},"end":{"line":22,"column":42}},"9":{"start":{"line":25,"column":29},"end":{"line":28,"column":3}},"10":{"start":{"line":26,"column":4},"end":{"line":26,"column":30}},"11":{"start":{"line":27,"column":4},"end":{"line":27,"column":32}},"12":{"start":{"line":30,"column":31},"end":{"line":34,"column":3}},"13":{"start":{"line":31,"column":4},"end":{"line":31,"column":121}},"14":{"start":{"line":31,"column":38},"end":{"line":31,"column":117}},"15":{"start":{"line":32,"column":4},"end":{"line":32,"column":33}},"16":{"start":{"line":33,"column":4},"end":{"line":33,"column":30}},"17":{"start":{"line":36,"column":2},"end":{"line":142,"column":4}},"18":{"start":{"line":44,"column":87},"end":{"line":44,"column":105}},"19":{"start":{"line":50,"column":87},"end":{"line":50,"column":110}},"20":{"start":{"line":56,"column":87},"end":{"line":56,"column":112}},"21":{"start":{"line":62,"column":87},"end":{"line":62,"column":108}},"22":{"start":{"line":68,"column":87},"end":{"line":68,"column":110}},"23":{"start":{"line":78,"column":14},"end":{"line":106,"column":19}},"24":{"start":{"line":87,"column":84},"end":{"line":87,"column":110}},"25":{"start":{"line":95,"column":106},"end":{"line":95,"column":130}},"26":{"start":{"line":98,"column":106},"end":{"line":98,"column":124}},"27":{"start":{"line":101,"column":106},"end":{"line":101,"column":129}},"28":{"start":{"line":114,"column":83},"end":{"line":114,"column":111}},"29":{"start":{"line":126,"column":41},"end":{"line":126,"column":69}},"30":{"start":{"line":139,"column":63},"end":{"line":139,"column":89}},"31":{"start":{"line":145,"column":0},"end":{"line":151,"column":2}}},"fnMap":{"0":{"name":"(anonymous_0)","decl":{"start":{"line":11,"column":20},"end":{"line":11,"column":21}},"loc":{"start":{"line":11,"column":89},"end":{"line":143,"column":1}},"line":11},"1":{"name":"(anonymous_1)","decl":{"start":{"line":17,"column":27},"end":{"line":17,"column":28}},"loc":{"start":{"line":17,"column":39},"end":{"line":19,"column":3}},"line":17},"2":{"name":"(anonymous_2)","decl":{"start":{"line":21,"column":21},"end":{"line":21,"column":22}},"loc":{"start":{"line":21,"column":33},"end":{"line":23,"column":3}},"line":21},"3":{"name":"(anonymous_3)","decl":{"start":{"line":25,"column":29},"end":{"line":25,"column":30}},"loc":{"start":{"line":25,"column":41},"end":{"line":28,"column":3}},"line":25},"4":{"name":"(anonymous_4)","decl":{"start":{"line":30,"column":31},"end":{"line":30,"column":32}},"loc":{"start":{"line":30,"column":37},"end":{"line":34,"column":3}},"line":30},"5":{"name":"(anonymous_5)","decl":{"start":{"line":31,"column":27},"end":{"line":31,"column":28}},"loc":{"start":{"line":31,"column":38},"end":{"line":31,"column":117}},"line":31},"6":{"name":"(anonymous_6)","decl":{"start":{"line":44,"column":81},"end":{"line":44,"column":82}},"loc":{"start":{"line":44,"column":87},"end":{"line":44,"column":105}},"line":44},"7":{"name":"(anonymous_7)","decl":{"start":{"line":50,"column":81},"end":{"line":50,"column":82}},"loc":{"start":{"line":50,"column":87},"end":{"line":50,"column":110}},"line":50},"8":{"name":"(anonymous_8)","decl":{"start":{"line":56,"column":81},"end":{"line":56,"column":82}},"loc":{"start":{"line":56,"column":87},"end":{"line":56,"column":112}},"line":56},"9":{"name":"(anonymous_9)","decl":{"start":{"line":62,"column":81},"end":{"line":62,"column":82}},"loc":{"start":{"line":62,"column":87},"end":{"line":62,"column":108}},"line":62},"10":{"name":"(anonymous_10)","decl":{"start":{"line":68,"column":81},"end":{"line":68,"column":82}},"loc":{"start":{"line":68,"column":87},"end":{"line":68,"column":110}},"line":68},"11":{"name":"(anonymous_11)","decl":{"start":{"line":77,"column":30},"end":{"line":77,"column":31}},"loc":{"start":{"line":78,"column":14},"end":{"line":106,"column":19}},"line":78},"12":{"name":"(anonymous_12)","decl":{"start":{"line":87,"column":78},"end":{"line":87,"column":79}},"loc":{"start":{"line":87,"column":84},"end":{"line":87,"column":110}},"line":87},"13":{"name":"(anonymous_13)","decl":{"start":{"line":95,"column":100},"end":{"line":95,"column":101}},"loc":{"start":{"line":95,"column":106},"end":{"line":95,"column":130}},"line":95},"14":{"name":"(anonymous_14)","decl":{"start":{"line":98,"column":100},"end":{"line":98,"column":101}},"loc":{"start":{"line":98,"column":106},"end":{"line":98,"column":124}},"line":98},"15":{"name":"(anonymous_15)","decl":{"start":{"line":101,"column":100},"end":{"line":101,"column":101}},"loc":{"start":{"line":101,"column":106},"end":{"line":101,"column":129}},"line":101},"16":{"name":"(anonymous_16)","decl":{"start":{"line":114,"column":77},"end":{"line":114,"column":78}},"loc":{"start":{"line":114,"column":83},"end":{"line":114,"column":111}},"line":114},"17":{"name":"(anonymous_17)","decl":{"start":{"line":126,"column":35},"end":{"line":126,"column":36}},"loc":{"start":{"line":126,"column":41},"end":{"line":126,"column":69}},"line":126},"18":{"name":"(anonymous_18)","decl":{"start":{"line":139,"column":57},"end":{"line":139,"column":58}},"loc":{"start":{"line":139,"column":63},"end":{"line":139,"column":89}},"line":139}},"branchMap":{"0":{"loc":{"start":{"line":31,"column":38},"end":{"line":31,"column":117}},"type":"cond-expr","locations":[{"start":{"line":31,"column":71},"end":{"line":31,"column":110}},{"start":{"line":31,"column":113},"end":{"line":31,"column":117}}],"line":31},"1":{"loc":{"start":{"line":88,"column":109},"end":{"line":88,"column":156}},"type":"cond-expr","locations":[{"start":{"line":88,"column":128},"end":{"line":88,"column":140}},{"start":{"line":88,"column":143},"end":{"line":88,"column":156}}],"line":88},"2":{"loc":{"start":{"line":89,"column":162},"end":{"line":89,"column":205}},"type":"cond-expr","locations":[{"start":{"line":89,"column":181},"end":{"line":89,"column":192}},{"start":{"line":89,"column":195},"end":{"line":89,"column":205}}],"line":89},"3":{"loc":{"start":{"line":111,"column":9},"end":{"line":136,"column":9}},"type":"binary-expr","locations":[{"start":{"line":111,"column":9},"end":{"line":111,"column":27}},{"start":{"line":112,"column":10},"end":{"line":135,"column":16}}],"line":111},"4":{"loc":{"start":{"line":123,"column":81},"end":{"line":123,"column":132}},"type":"cond-expr","locations":[{"start":{"line":123,"column":109},"end":{"line":123,"column":120}},{"start":{"line":123,"column":123},"end":{"line":123,"column":132}}],"line":123},"5":{"loc":{"start":{"line":139,"column":132},"end":{"line":139,"column":187}},"type":"cond-expr","locations":[{"start":{"line":139,"column":160},"end":{"line":139,"column":173}},{"start":{"line":139,"column":176},"end":{"line":139,"column":187}}],"line":139}},"s":{"0":1,"1":5,"2":5,"3":5,"4":5,"5":5,"6":0,"7":5,"8":1,"9":5,"10":0,"11":0,"12":5,"13":0,"14":0,"15":0,"16":0,"17":5,"18":1,"19":0,"20":0,"21":0,"22":0,"23":10,"24":0,"25":0,"26":1,"27":1,"28":0,"29":0,"30":0,"31":1},"f":{"0":5,"1":0,"2":1,"3":0,"4":0,"5":0,"6":1,"7":0,"8":0,"9":0,"10":0,"11":10,"12":0,"13":0,"14":1,"15":1,"16":0,"17":0,"18":0},"b":{"0":[0,0],"1":[5,5],"2":[5,5],"3":[5,0],"4":[0,0],"5":[0,5]},"_coverageSchema":"1a1c01bbd47fc00a2c39e90264f33305004495a9","hash":"46cd5ff4011be54be513eed240d3281e5f8ff2bf"}
,"C:\\Users\\UsEr\\OneDrive\\Dokumen\\lumoshive\\final-proyek\\e-comerce\\Final-Project-E-Commerce-Kelompok-3-Dashboard\\src\\components\\home\\SummaryCard.jsx": {"path":"C:\\Users\\UsEr\\OneDrive\\Dokumen\\lumoshive\\final-proyek\\e-comerce\\Final-Project-E-Commerce-Kelompok-3-Dashboard\\src\\components\\home\\SummaryCard.jsx","statementMap":{"0":{"start":{"line":7,"column":20},"end":{"line":54,"column":1}},"1":{"start":{"line":9,"column":22},"end":{"line":30,"column":3}},"2":{"start":{"line":32,"column":2},"end":{"line":53,"column":4}},"3":{"start":{"line":37,"column":10},"end":{"line":49,"column":16}}},"fnMap":{"0":{"name":"(anonymous_0)","decl":{"start":{"line":7,"column":20},"end":{"line":7,"column":21}},"loc":{"start":{"line":7,"column":26},"end":{"line":54,"column":1}},"line":7},"1":{"name":"(anonymous_1)","decl":{"start":{"line":36,"column":25},"end":{"line":36,"column":26}},"loc":{"start":{"line":37,"column":10},"end":{"line":49,"column":16}},"line":37}},"branchMap":{},"s":{"0":1,"1":3,"2":3,"3":12},"f":{"0":3,"1":12},"b":{},"_coverageSchema":"1a1c01bbd47fc00a2c39e90264f33305004495a9","hash":"f4d597612204e52b020f708b347196ef5162f322"}
,"C:\\Users\\UsEr\\OneDrive\\Dokumen\\lumoshive\\final-proyek\\e-comerce\\Final-Project-E-Commerce-Kelompok-3-Dashboard\\src\\components\\sweetalert\\SuccessAlert.jsx": {"path":"C:\\Users\\UsEr\\OneDrive\\Dokumen\\lumoshive\\final-proyek\\e-comerce\\Final-Project-E-Commerce-Kelompok-3-Dashboard\\src\\components\\sweetalert\\SuccessAlert.jsx","statementMap":{"0":{"start":{"line":4,"column":21},"end":{"line":127,"column":1}},"1":{"start":{"line":10,"column":2},"end":{"line":18,"column":34}},"2":{"start":{"line":11,"column":4},"end":{"line":17,"column":5}},"3":{"start":{"line":12,"column":20},"end":{"line":14,"column":18}},"4":{"start":{"line":13,"column":8},"end":{"line":13,"column":18}},"5":{"start":{"line":16,"column":6},"end":{"line":16,"column":39}},"6":{"start":{"line":16,"column":19},"end":{"line":16,"column":38}},"7":{"start":{"line":20,"column":2},"end":{"line":20,"column":27}},"8":{"start":{"line":20,"column":15},"end":{"line":20,"column":27}},"9":{"start":{"line":22,"column":2},"end":{"line":126,"column":4}}},"fnMap":{"0":{"name":"(anonymous_0)","decl":{"start":{"line":4,"column":21},"end":{"line":4,"column":22}},"loc":{"start":{"line":9,"column":6},"end":{"line":127,"column":1}},"line":9},"1":{"name":"(anonymous_1)","decl":{"start":{"line":10,"column":12},"end":{"line":10,"column":13}},"loc":{"start":{"line":10,"column":18},"end":{"line":18,"column":3}},"line":10},"2":{"name":"(anonymous_2)","decl":{"start":{"line":12,"column":31},"end":{"line":12,"column":32}},"loc":{"start":{"line":12,"column":37},"end":{"line":14,"column":7}},"line":12},"3":{"name":"(anonymous_3)","decl":{"start":{"line":16,"column":13},"end":{"line":16,"column":14}},"loc":{"start":{"line":16,"column":19},"end":{"line":16,"column":38}},"line":16}},"branchMap":{"0":{"loc":{"start":{"line":7,"column":2},"end":{"line":7,"column":50}},"type":"default-arg","locations":[{"start":{"line":7,"column":12},"end":{"line":7,"column":50}}],"line":7},"1":{"loc":{"start":{"line":8,"column":2},"end":{"line":8,"column":17}},"type":"default-arg","locations":[{"start":{"line":8,"column":13},"end":{"line":8,"column":17}}],"line":8},"2":{"loc":{"start":{"line":11,"column":4},"end":{"line":17,"column":5}},"type":"if","locations":[{"start":{"line":11,"column":4},"end":{"line":17,"column":5}},{"start":{},"end":{}}],"line":11},"3":{"loc":{"start":{"line":20,"column":2},"end":{"line":20,"column":27}},"type":"if","locations":[{"start":{"line":20,"column":2},"end":{"line":20,"column":27}},{"start":{},"end":{}}],"line":20},"4":{"loc":{"start":{"line":29,"column":21},"end":{"line":29,"column":37}},"type":"cond-expr","locations":[{"start":{"line":29,"column":30},"end":{"line":29,"column":33}},{"start":{"line":29,"column":36},"end":{"line":29,"column":37}}],"line":29},"5":{"loc":{"start":{"line":38,"column":23},"end":{"line":38,"column":90}},"type":"cond-expr","locations":[{"start":{"line":38,"column":32},"end":{"line":38,"column":56}},{"start":{"line":38,"column":59},"end":{"line":38,"column":90}}],"line":38},"6":{"loc":{"start":{"line":39,"column":21},"end":{"line":39,"column":35}},"type":"cond-expr","locations":[{"start":{"line":39,"column":30},"end":{"line":39,"column":31}},{"start":{"line":39,"column":34},"end":{"line":39,"column":35}}],"line":39},"7":{"loc":{"start":{"line":40,"column":23},"end":{"line":40,"column":106}},"type":"cond-expr","locations":[{"start":{"line":40,"column":32},"end":{"line":40,"column":97}},{"start":{"line":40,"column":100},"end":{"line":40,"column":106}}],"line":40},"8":{"loc":{"start":{"line":47,"column":25},"end":{"line":47,"column":116}},"type":"cond-expr","locations":[{"start":{"line":47,"column":34},"end":{"line":47,"column":107}},{"start":{"line":47,"column":110},"end":{"line":47,"column":116}}],"line":47},"9":{"loc":{"start":{"line":58,"column":25},"end":{"line":58,"column":110}},"type":"cond-expr","locations":[{"start":{"line":58,"column":34},"end":{"line":58,"column":101}},{"start":{"line":58,"column":104},"end":{"line":58,"column":110}}],"line":58}},"s":{"0":1,"1":5,"2":5,"3":0,"4":0,"5":0,"6":0,"7":5,"8":5,"9":0},"f":{"0":5,"1":5,"2":0,"3":0},"b":{"0":[0],"1":[0],"2":[0,5],"3":[5,0],"4":[0,0],"5":[0,0],"6":[0,0],"7":[0,0],"8":[0,0],"9":[0,0]},"_coverageSchema":"1a1c01bbd47fc00a2c39e90264f33305004495a9","hash":"411bae68ea117a86a2c93db957acad799fd62e25"}
}
