{"D:\\Course, Bootcamp\\Lumoshive Academy\\Tugas\\Final Project\\final-project-e-commerce-kelompok-3-dashboard\\src\\assets\\home\\BoxIcon.jsx": {"path":"D:\\Course, Bootcamp\\Lumoshive Academy\\Tugas\\Final Project\\final-project-e-commerce-kelompok-3-dashboard\\src\\assets\\home\\BoxIcon.jsx","statementMap":{"0":{"start":{"line":3,"column":16},"end":{"line":32,"column":1}},"1":{"start":{"line":4,"column":2},"end":{"line":31,"column":4}}},"fnMap":{"0":{"name":"(anonymous_0)","decl":{"start":{"line":3,"column":16},"end":{"line":3,"column":17}},"loc":{"start":{"line":3,"column":72},"end":{"line":32,"column":1}},"line":3}},"branchMap":{"0":{"loc":{"start":{"line":3,"column":20},"end":{"line":3,"column":35}},"type":"default-arg","locations":[{"start":{"line":3,"column":28},"end":{"line":3,"column":35}}],"line":3},"1":{"loc":{"start":{"line":3,"column":37},"end":{"line":3,"column":49}},"type":"default-arg","locations":[{"start":{"line":3,"column":45},"end":{"line":3,"column":49}}],"line":3},"2":{"loc":{"start":{"line":3,"column":51},"end":{"line":3,"column":64}},"type":"default-arg","locations":[{"start":{"line":3,"column":60},"end":{"line":3,"column":64}}],"line":3}},"s":{"0":1,"1":3},"f":{"0":3},"b":{"0":[0],"1":[0],"2":[0]},"_coverageSchema":"1a1c01bbd47fc00a2c39e90264f33305004495a9","hash":"d4a3802d8d81db0dfc7d2e65a4767f50cb608092"}
,"D:\\Course, Bootcamp\\Lumoshive Academy\\Tugas\\Final Project\\final-project-e-commerce-kelompok-3-dashboard\\src\\assets\\home\\CursorIcon.jsx": {"path":"D:\\Course, Bootcamp\\Lumoshive Academy\\Tugas\\Final Project\\final-project-e-commerce-kelompok-3-dashboard\\src\\assets\\home\\CursorIcon.jsx","statementMap":{"0":{"start":{"line":3,"column":19},"end":{"line":18,"column":1}},"1":{"start":{"line":4,"column":2},"end":{"line":17,"column":4}}},"fnMap":{"0":{"name":"(anonymous_0)","decl":{"start":{"line":3,"column":19},"end":{"line":3,"column":20}},"loc":{"start":{"line":3,"column":44},"end":{"line":18,"column":1}},"line":3}},"branchMap":{"0":{"loc":{"start":{"line":3,"column":22},"end":{"line":3,"column":37}},"type":"default-arg","locations":[{"start":{"line":3,"column":30},"end":{"line":3,"column":37}}],"line":3}},"s":{"0":1,"1":3},"f":{"0":3},"b":{"0":[0]},"_coverageSchema":"1a1c01bbd47fc00a2c39e90264f33305004495a9","hash":"9d77476a97bab809df269d05092b92270c986498"}
,"D:\\Course, Bootcamp\\Lumoshive Academy\\Tugas\\Final Project\\final-project-e-commerce-kelompok-3-dashboard\\src\\assets\\home\\SalesIcon.jsx": {"path":"D:\\Course, Bootcamp\\Lumoshive Academy\\Tugas\\Final Project\\final-project-e-commerce-kelompok-3-dashboard\\src\\assets\\home\\SalesIcon.jsx","statementMap":{"0":{"start":{"line":3,"column":18},"end":{"line":20,"column":1}},"1":{"start":{"line":4,"column":2},"end":{"line":19,"column":4}}},"fnMap":{"0":{"name":"(anonymous_0)","decl":{"start":{"line":3,"column":18},"end":{"line":3,"column":19}},"loc":{"start":{"line":3,"column":43},"end":{"line":20,"column":1}},"line":3}},"branchMap":{"0":{"loc":{"start":{"line":3,"column":21},"end":{"line":3,"column":36}},"type":"default-arg","locations":[{"start":{"line":3,"column":29},"end":{"line":3,"column":36}}],"line":3}},"s":{"0":1,"1":3},"f":{"0":3},"b":{"0":[0]},"_coverageSchema":"1a1c01bbd47fc00a2c39e90264f33305004495a9","hash":"4ad393b02bde3a883e46a5e1aa45bf7cd981edaa"}
,"D:\\Course, Bootcamp\\Lumoshive Academy\\Tugas\\Final Project\\final-project-e-commerce-kelompok-3-dashboard\\src\\assets\\home\\UsersIcon.jsx": {"path":"D:\\Course, Bootcamp\\Lumoshive Academy\\Tugas\\Final Project\\final-project-e-commerce-kelompok-3-dashboard\\src\\assets\\home\\UsersIcon.jsx","statementMap":{"0":{"start":{"line":3,"column":18},"end":{"line":25,"column":1}},"1":{"start":{"line":4,"column":2},"end":{"line":24,"column":4}}},"fnMap":{"0":{"name":"(anonymous_0)","decl":{"start":{"line":3,"column":18},"end":{"line":3,"column":19}},"loc":{"start":{"line":3,"column":45},"end":{"line":25,"column":1}},"line":3}},"branchMap":{"0":{"loc":{"start":{"line":3,"column":22},"end":{"line":3,"column":37}},"type":"default-arg","locations":[{"start":{"line":3,"column":30},"end":{"line":3,"column":37}}],"line":3}},"s":{"0":1,"1":3},"f":{"0":3},"b":{"0":[0]},"_coverageSchema":"1a1c01bbd47fc00a2c39e90264f33305004495a9","hash":"105a4d4e0bebf9cada31152bd94166e27a613107"}
,"D:\\Course, Bootcamp\\Lumoshive Academy\\Tugas\\Final Project\\final-project-e-commerce-kelompok-3-dashboard\\src\\components\\Hello.jsx": {"path":"D:\\Course, Bootcamp\\Lumoshive Academy\\Tugas\\Final Project\\final-project-e-commerce-kelompok-3-dashboard\\src\\components\\Hello.jsx","statementMap":{"0":{"start":{"line":1,"column":14},"end":{"line":3,"column":1}},"1":{"start":{"line":2,"column":2},"end":{"line":2,"column":31}}},"fnMap":{"0":{"name":"(anonymous_0)","decl":{"start":{"line":1,"column":14},"end":{"line":1,"column":15}},"loc":{"start":{"line":1,"column":20},"end":{"line":3,"column":1}},"line":1}},"branchMap":{},"s":{"0":1,"1":1},"f":{"0":1},"b":{},"_coverageSchema":"1a1c01bbd47fc00a2c39e90264f33305004495a9","hash":"874095ac0865b00a109f8ac3f5712884bfe3a28a"}
,"D:\\Course, Bootcamp\\Lumoshive Academy\\Tugas\\Final Project\\final-project-e-commerce-kelompok-3-dashboard\\src\\components\\home\\SummaryCard.jsx": {"path":"D:\\Course, Bootcamp\\Lumoshive Academy\\Tugas\\Final Project\\final-project-e-commerce-kelompok-3-dashboard\\src\\components\\home\\SummaryCard.jsx","statementMap":{"0":{"start":{"line":7,"column":20},"end":{"line":54,"column":1}},"1":{"start":{"line":9,"column":22},"end":{"line":30,"column":3}},"2":{"start":{"line":32,"column":2},"end":{"line":53,"column":4}},"3":{"start":{"line":37,"column":10},"end":{"line":49,"column":16}}},"fnMap":{"0":{"name":"(anonymous_0)","decl":{"start":{"line":7,"column":20},"end":{"line":7,"column":21}},"loc":{"start":{"line":7,"column":26},"end":{"line":54,"column":1}},"line":7},"1":{"name":"(anonymous_1)","decl":{"start":{"line":36,"column":25},"end":{"line":36,"column":26}},"loc":{"start":{"line":37,"column":10},"end":{"line":49,"column":16}},"line":37}},"branchMap":{},"s":{"0":1,"1":3,"2":3,"3":12},"f":{"0":3,"1":12},"b":{},"_coverageSchema":"1a1c01bbd47fc00a2c39e90264f33305004495a9","hash":"bb7c76a80c1626e1a836b35020cc13df8d58f51b"}
}
