TN:
SF:src\assets\alert\ConfirmAlert.jsx
FN:3,(anonymous_0)
FNF:1
FNH:1
FNDA:3,(anonymous_0)
DA:3,4
DA:4,3
LF:2
LH:2
BRF:0
BRH:0
end_of_record
TN:
SF:src\assets\alert\SuccessAlertIcon.jsx
FN:3,(anonymous_0)
FNF:1
FNH:1
FNDA:5,(anonymous_0)
DA:3,5
DA:4,5
LF:2
LH:2
BRF:0
BRH:0
end_of_record
TN:
SF:src\assets\alert\TrashAlert.jsx
FN:3,(anonymous_0)
FNF:1
FNH:1
FNDA:2,(anonymous_0)
DA:3,3
DA:4,2
LF:2
LH:2
BRF:0
BRH:0
end_of_record
TN:
SF:src\assets\auth\Eye.jsx
FN:3,(anonymous_0)
FNF:1
FNH:1
FNDA:6,(anonymous_0)
DA:3,2
DA:4,6
LF:2
LH:2
BRF:0
BRH:0
end_of_record
TN:
SF:src\assets\auth\EyeOf.jsx
FN:3,(anonymous_0)
FNF:1
FNH:0
FNDA:0,(anonymous_0)
DA:3,2
DA:4,0
LF:2
LH:1
BRF:0
BRH:0
end_of_record
TN:
SF:src\assets\banner\EyeIcon.jsx
FN:3,(anonymous_0)
FNF:1
FNH:1
FNDA:10,(anonymous_0)
DA:3,1
DA:4,10
LF:2
LH:2
BRF:0
BRH:0
end_of_record
TN:
SF:src\assets\banner\PencilIcon.jsx
FN:3,(anonymous_0)
FNF:1
FNH:1
FNDA:10,(anonymous_0)
DA:3,1
DA:4,10
LF:2
LH:2
BRF:0
BRH:0
end_of_record
TN:
SF:src\assets\banner\ShortFilterIcon.jsx
FN:3,(anonymous_0)
FNF:1
FNH:1
FNDA:25,(anonymous_0)
DA:3,1
DA:4,25
LF:2
LH:2
BRF:0
BRH:0
end_of_record
TN:
SF:src\assets\banner\TrashIcon.jsx
FN:3,(anonymous_0)
FNF:1
FNH:1
FNDA:10,(anonymous_0)
DA:3,1
DA:4,10
LF:2
LH:2
BRF:0
BRH:0
end_of_record
TN:
SF:src\assets\category\PencilIcon.jsx
FN:3,(anonymous_0)
FNF:1
FNH:1
FNDA:22,(anonymous_0)
DA:3,1
DA:4,22
LF:2
LH:2
BRF:0
BRH:0
end_of_record
TN:
SF:src\assets\category\PhotoPreview.jsx
FN:3,(anonymous_0)
FNF:1
FNH:1
FNDA:2,(anonymous_0)
DA:3,1
DA:4,2
LF:2
LH:2
BRF:0
BRH:0
end_of_record
TN:
SF:src\assets\category\TrashIcon.jsx
FN:3,(anonymous_0)
FNF:1
FNH:1
FNDA:22,(anonymous_0)
DA:3,1
DA:4,22
LF:2
LH:2
BRF:0
BRH:0
end_of_record
TN:
SF:src\assets\category\TrashIconCategoryForm.jsx
FN:3,(anonymous_0)
FNF:1
FNH:1
FNDA:2,(anonymous_0)
DA:3,1
DA:4,2
LF:2
LH:2
BRF:0
BRH:0
end_of_record
TN:
SF:src\assets\home\BoxIcon.jsx
FN:3,(anonymous_0)
FNF:1
FNH:1
FNDA:3,(anonymous_0)
DA:3,1
DA:4,3
LF:2
LH:2
BRDA:3,0,0,0
BRDA:3,1,0,0
BRDA:3,2,0,0
BRF:3
BRH:0
end_of_record
TN:
SF:src\assets\home\CursorIcon.jsx
FN:3,(anonymous_0)
FNF:1
FNH:1
FNDA:3,(anonymous_0)
DA:3,1
DA:4,3
LF:2
LH:2
BRDA:3,0,0,0
BRF:1
BRH:0
end_of_record
TN:
SF:src\assets\home\SalesIcon.jsx
FN:3,(anonymous_0)
FNF:1
FNH:1
FNDA:3,(anonymous_0)
DA:3,1
DA:4,3
LF:2
LH:2
BRDA:3,0,0,0
BRF:1
BRH:0
end_of_record
TN:
SF:src\assets\home\UsersIcon.jsx
FN:3,(anonymous_0)
FNF:1
FNH:1
FNDA:3,(anonymous_0)
DA:3,1
DA:4,3
LF:2
LH:2
BRDA:3,0,0,0
BRF:1
BRH:0
end_of_record
TN:
SF:src\assets\product\EyeIcon.jsx
FN:3,(anonymous_0)
FNF:1
FNH:1
FNDA:14,(anonymous_0)
DA:3,1
DA:4,14
LF:2
LH:2
BRF:0
BRH:0
end_of_record
TN:
SF:src\assets\product\PencilIcon.jsx
FN:3,(anonymous_0)
FNF:1
FNH:1
FNDA:14,(anonymous_0)
DA:3,1
DA:4,14
LF:2
LH:2
BRF:0
BRH:0
end_of_record
TN:
SF:src\assets\product\ShortFilterIcon.jsx
FN:3,(anonymous_0)
FNF:1
FNH:1
FNDA:49,(anonymous_0)
DA:3,1
DA:4,49
LF:2
LH:2
BRF:0
BRH:0
end_of_record
TN:
SF:src\assets\product\TrashIcon.jsx
FN:3,(anonymous_0)
FNF:1
FNH:1
FNDA:14,(anonymous_0)
DA:3,1
DA:4,14
LF:2
LH:2
BRF:0
BRH:0
end_of_record
TN:
SF:src\assets\rating\CalenderIcon.jsx
FN:3,(anonymous_0)
FNF:1
FNH:0
FNDA:0,(anonymous_0)
DA:3,1
DA:4,0
LF:2
LH:1
BRF:0
BRH:0
end_of_record
TN:
SF:src\assets\rating\DropDownIcon.jsx
FN:3,(anonymous_0)
FNF:1
FNH:1
FNDA:2,(anonymous_0)
DA:3,1
DA:4,2
LF:2
LH:2
BRF:0
BRH:0
end_of_record
TN:
SF:src\assets\rating\SearchIcon.jsx
FN:3,(anonymous_0)
FNF:1
FNH:1
FNDA:2,(anonymous_0)
DA:3,1
DA:4,2
LF:2
LH:2
BRF:0
BRH:0
end_of_record
TN:
SF:src\assets\rating\ShortFilterIcon.jsx
FN:3,(anonymous_0)
FNF:1
FNH:1
FNDA:20,(anonymous_0)
DA:3,1
DA:4,20
LF:2
LH:2
BRF:0
BRH:0
end_of_record
TN:
SF:src\assets\stock\CalenderIcon.jsx
FN:3,(anonymous_0)
FNF:1
FNH:1
FNDA:4,(anonymous_0)
DA:3,1
DA:4,4
LF:2
LH:2
BRF:0
BRH:0
end_of_record
TN:
SF:src\assets\stock\DropDownIcon.jsx
FN:3,(anonymous_0)
FNF:1
FNH:1
FNDA:4,(anonymous_0)
DA:3,1
DA:4,4
LF:2
LH:2
BRF:0
BRH:0
end_of_record
TN:
SF:src\assets\stock\EyeIcon.jsx
FN:3,(anonymous_0)
FNF:1
FNH:1
FNDA:15,(anonymous_0)
DA:3,1
DA:4,15
LF:2
LH:2
BRF:0
BRH:0
end_of_record
TN:
SF:src\assets\stock\PencilIcon.jsx
FN:3,(anonymous_0)
FNF:1
FNH:1
FNDA:15,(anonymous_0)
DA:3,1
DA:4,15
LF:2
LH:2
BRF:0
BRH:0
end_of_record
TN:
SF:src\assets\stock\SearchIcon.jsx
FN:3,(anonymous_0)
FNF:1
FNH:1
FNDA:4,(anonymous_0)
DA:3,1
DA:4,4
LF:2
LH:2
BRF:0
BRH:0
end_of_record
TN:
SF:src\assets\stock\ShortFilterIcon.jsx
FN:3,(anonymous_0)
FNF:1
FNH:1
FNDA:20,(anonymous_0)
DA:3,1
DA:4,20
LF:2
LH:2
BRF:0
BRH:0
end_of_record
TN:
SF:src\assets\stock\TrashIcon.jsx
FN:3,(anonymous_0)
FNF:1
FNH:1
FNDA:15,(anonymous_0)
DA:3,1
DA:4,15
LF:2
LH:2
BRF:0
BRH:0
end_of_record
TN:
SF:src\components\LoadingSpinner.jsx
FN:3,(anonymous_0)
FNF:1
FNH:0
FNDA:0,(anonymous_0)
DA:3,2
DA:4,0
LF:2
LH:1
BRDA:3,0,0,0
BRDA:3,1,0,0
BRF:2
BRH:0
end_of_record
TN:
SF:src\components\auth\FormForgotPassword.jsx
FN:5,(anonymous_0)
FN:9,(anonymous_1)
FN:34,(anonymous_2)
FNF:3
FNH:3
FNDA:5,(anonymous_0)
FNDA:1,(anonymous_1)
FNDA:2,(anonymous_2)
DA:5,1
DA:6,5
DA:7,5
DA:9,5
DA:10,1
DA:11,1
DA:13,1
DA:15,1
DA:17,0
DA:21,5
DA:34,2
LF:11
LH:10
BRF:0
BRH:0
end_of_record
TN:
SF:src\components\auth\FormLogin.jsx
FN:8,(anonymous_0)
FN:9,(anonymous_1)
FN:12,(anonymous_2)
FNF:3
FNH:2
FNDA:3,(anonymous_0)
FNDA:6,(anonymous_1)
FNDA:0,(anonymous_2)
DA:8,1
DA:9,6
DA:10,3
DA:12,3
DA:13,0
DA:16,3
LF:6
LH:5
BRDA:25,0,0,3
BRDA:25,0,1,0
BRDA:27,1,0,0
BRDA:27,1,1,0
BRDA:49,2,0,0
BRDA:49,2,1,3
BRDA:62,3,0,0
BRDA:62,3,1,3
BRDA:81,4,0,0
BRDA:81,4,1,3
BRF:10
BRH:4
end_of_record
TN:
SF:src\components\auth\FormOTP .jsx
FN:6,(anonymous_0)
FN:13,(anonymous_1)
FN:26,(anonymous_2)
FN:33,(anonymous_3)
FN:55,(anonymous_4)
FN:62,(anonymous_5)
FN:63,(anonymous_6)
FNF:7
FNH:5
FNDA:11,(anonymous_0)
FNDA:8,(anonymous_1)
FNDA:0,(anonymous_2)
FNDA:1,(anonymous_3)
FNDA:44,(anonymous_4)
FNDA:8,(anonymous_5)
FNDA:0,(anonymous_6)
DA:6,1
DA:7,11
DA:8,11
DA:9,11
DA:10,11
DA:11,11
DA:13,11
DA:14,8
DA:15,8
DA:16,8
DA:17,8
DA:20,8
DA:21,6
DA:26,11
DA:28,0
DA:29,0
DA:33,11
DA:34,1
DA:35,1
DA:36,1
DA:37,1
DA:40,1
DA:42,0
DA:46,11
DA:56,44
DA:62,8
DA:63,0
LF:27
LH:23
BRDA:14,0,0,8
BRDA:14,0,1,0
BRDA:20,1,0,6
BRDA:20,1,1,2
BRDA:20,2,0,8
BRDA:20,2,1,8
BRDA:28,3,0,0
BRDA:28,3,1,0
BRDA:28,4,0,0
BRDA:28,4,1,0
BRDA:28,4,2,0
BRF:11
BRH:5
end_of_record
TN:
SF:src\components\auth\FormRegister.jsx
FN:8,(anonymous_0)
FN:9,(anonymous_1)
FN:12,(anonymous_2)
FNF:3
FNH:2
FNDA:3,(anonymous_0)
FNDA:6,(anonymous_1)
FNDA:0,(anonymous_2)
DA:8,1
DA:9,6
DA:10,3
DA:12,3
DA:13,0
DA:16,3
LF:6
LH:5
BRDA:23,0,0,3
BRDA:23,0,1,0
BRDA:25,1,0,0
BRDA:25,1,1,0
BRDA:60,2,0,0
BRDA:60,2,1,3
BRDA:73,3,0,0
BRDA:73,3,1,3
BRDA:83,4,0,0
BRDA:83,4,1,3
BRF:10
BRH:4
end_of_record
TN:
SF:src\components\banner\HeaderBanner.jsx
FN:5,(anonymous_0)
FN:16,(anonymous_1)
FN:48,(anonymous_2)
FNF:3
FNH:3
FNDA:4,(anonymous_0)
FNDA:1,(anonymous_1)
FNDA:20,(anonymous_2)
DA:5,1
DA:6,4
DA:8,4
DA:16,4
DA:17,1
DA:18,1
DA:19,1
DA:22,4
DA:49,20
DA:64,1
LF:10
LH:10
BRF:0
BRH:0
end_of_record
TN:
SF:src\components\banner\PaginationBanner.jsx
FN:4,(anonymous_0)
FN:27,(anonymous_1)
FNF:2
FNH:2
FNDA:6,(anonymous_0)
FNDA:1,(anonymous_1)
DA:4,1
DA:16,6
DA:28,1
DA:29,1
DA:68,1
LF:5
LH:5
BRDA:42,0,0,5
BRDA:42,0,1,1
BRDA:55,1,0,1
BRDA:55,1,1,5
BRF:4
BRH:4
end_of_record
TN:
SF:src\components\banner\TableBanner.jsx
FN:11,(anonymous_0)
FN:17,(anonymous_1)
FN:21,(anonymous_2)
FN:25,(anonymous_3)
FN:30,(anonymous_4)
FN:31,(anonymous_5)
FN:44,(anonymous_6)
FN:50,(anonymous_7)
FN:56,(anonymous_8)
FN:62,(anonymous_9)
FN:68,(anonymous_10)
FN:77,(anonymous_11)
FN:87,(anonymous_12)
FN:95,(anonymous_13)
FN:98,(anonymous_14)
FN:101,(anonymous_15)
FN:114,(anonymous_16)
FN:126,(anonymous_17)
FN:139,(anonymous_18)
FNF:19
FNH:6
FNDA:5,(anonymous_0)
FNDA:0,(anonymous_1)
FNDA:1,(anonymous_2)
FNDA:0,(anonymous_3)
FNDA:0,(anonymous_4)
FNDA:0,(anonymous_5)
FNDA:1,(anonymous_6)
FNDA:0,(anonymous_7)
FNDA:0,(anonymous_8)
FNDA:0,(anonymous_9)
FNDA:0,(anonymous_10)
FNDA:10,(anonymous_11)
FNDA:0,(anonymous_12)
FNDA:0,(anonymous_13)
FNDA:1,(anonymous_14)
FNDA:1,(anonymous_15)
FNDA:0,(anonymous_16)
FNDA:0,(anonymous_17)
FNDA:0,(anonymous_18)
DA:11,1
DA:12,5
DA:13,5
DA:14,5
DA:15,5
DA:17,5
DA:18,0
DA:21,5
DA:22,1
DA:25,5
DA:26,0
DA:27,0
DA:30,5
DA:31,0
DA:32,0
DA:33,0
DA:36,5
DA:44,1
DA:50,0
DA:56,0
DA:62,0
DA:68,0
DA:78,10
DA:87,0
DA:95,0
DA:98,1
DA:101,1
DA:114,0
DA:126,0
DA:139,0
DA:145,1
LF:31
LH:16
BRDA:31,0,0,0
BRDA:31,0,1,0
BRDA:88,1,0,5
BRDA:88,1,1,5
BRDA:89,2,0,5
BRDA:89,2,1,5
BRDA:111,3,0,5
BRDA:111,3,1,0
BRDA:123,4,0,0
BRDA:123,4,1,0
BRDA:139,5,0,0
BRDA:139,5,1,5
BRF:12
BRH:6
end_of_record
TN:
SF:src\components\category\CategoryFormModal.jsx
FN:8,(anonymous_0)
FN:30,(anonymous_1)
FN:42,(anonymous_2)
FN:58,(anonymous_3)
FN:85,(anonymous_4)
FN:90,(anonymous_5)
FN:95,(anonymous_6)
FN:102,(anonymous_7)
FN:106,(anonymous_8)
FN:114,(anonymous_9)
FN:122,(anonymous_10)
FN:127,(anonymous_11)
FN:151,(anonymous_12)
FNF:13
FNH:7
FNDA:10,(anonymous_0)
FNDA:5,(anonymous_1)
FNDA:5,(anonymous_2)
FNDA:2,(anonymous_3)
FNDA:0,(anonymous_4)
FNDA:0,(anonymous_5)
FNDA:0,(anonymous_6)
FNDA:2,(anonymous_7)
FNDA:0,(anonymous_8)
FNDA:0,(anonymous_9)
FNDA:0,(anonymous_10)
FNDA:1,(anonymous_11)
FNDA:1,(anonymous_12)
DA:8,1
DA:10,10
DA:16,10
DA:25,10
DA:26,10
DA:27,10
DA:30,10
DA:31,5
DA:32,0
DA:36,0
DA:37,0
DA:42,10
DA:43,5
DA:44,1
DA:49,1
DA:50,1
DA:58,10
DA:59,2
DA:62,2
DA:63,2
DA:64,1
DA:66,2
DA:67,2
DA:70,2
DA:71,2
DA:72,2
DA:76,0
DA:81,0
DA:82,0
DA:85,10
DA:86,0
DA:87,0
DA:90,10
DA:91,0
DA:92,0
DA:95,10
DA:96,0
DA:97,0
DA:98,0
DA:99,0
DA:102,10
DA:103,2
DA:106,10
DA:107,0
DA:108,0
DA:109,0
DA:110,0
DA:114,0
DA:115,0
DA:117,0
DA:122,10
DA:123,0
DA:124,0
DA:127,10
DA:128,1
DA:129,1
DA:132,10
DA:134,10
DA:152,1
DA:153,1
DA:241,1
LF:61
LH:38
BRDA:8,0,0,0
BRDA:8,1,0,0
BRDA:11,2,0,3
BRDA:11,2,1,7
BRDA:12,3,0,3
BRDA:12,3,1,7
BRDA:17,4,0,3
BRDA:17,4,1,7
BRDA:17,5,0,10
BRDA:17,5,1,3
BRDA:31,6,0,0
BRDA:31,6,1,5
BRDA:43,7,0,1
BRDA:43,7,1,4
BRDA:43,8,0,5
BRDA:43,8,1,1
BRDA:45,9,0,1
BRDA:45,9,1,0
BRDA:46,10,0,1
BRDA:46,10,1,0
BRDA:49,11,0,1
BRDA:49,11,1,0
BRDA:63,12,0,1
BRDA:63,12,1,1
BRDA:66,13,0,2
BRDA:66,13,1,0
BRDA:66,14,0,2
BRDA:66,14,1,2
BRDA:70,15,0,2
BRDA:70,15,1,0
BRDA:78,16,0,0
BRDA:78,16,1,0
BRDA:107,17,0,0
BRDA:107,17,1,0
BRDA:109,18,0,0
BRDA:109,18,1,0
BRDA:132,19,0,0
BRDA:132,19,1,10
BRDA:138,20,0,7
BRDA:138,20,1,3
BRDA:138,21,0,3
BRDA:138,21,1,0
BRDA:153,22,0,0
BRDA:153,22,1,1
BRDA:155,23,0,1
BRDA:155,23,1,9
BRDA:158,24,0,1
BRDA:158,24,1,9
BRDA:160,25,0,10
BRDA:160,25,1,1
BRDA:168,26,0,8
BRDA:168,26,1,2
BRDA:175,27,0,2
BRDA:175,27,1,8
BRDA:180,28,0,0
BRDA:180,28,1,10
BRDA:181,29,0,2
BRDA:181,29,1,8
BRDA:207,30,0,10
BRDA:207,30,1,2
BRDA:213,31,0,2
BRDA:213,31,1,2
BRDA:221,32,0,10
BRDA:221,32,1,2
BRDA:229,33,0,10
BRDA:229,33,1,10
BRDA:231,34,0,3
BRDA:231,34,1,7
BRF:68
BRH:50
end_of_record
TN:
SF:src\components\category\CategoryHeader.jsx
FN:5,(anonymous_0)
FNF:1
FNH:1
FNDA:3,(anonymous_0)
DA:5,1
DA:6,3
DA:22,1
LF:3
LH:3
BRF:0
BRH:0
end_of_record
TN:
SF:src\components\category\CategoryPagination.jsx
FN:5,(anonymous_0)
FN:35,(anonymous_1)
FNF:2
FNH:2
FNDA:8,(anonymous_0)
FNDA:1,(anonymous_1)
DA:5,1
DA:16,8
DA:36,1
DA:79,1
LF:4
LH:4
BRDA:49,0,0,5
BRDA:49,0,1,3
BRDA:66,1,0,1
BRDA:66,1,1,7
BRF:4
BRH:4
end_of_record
TN:
SF:src\components\category\CategoryTable.jsx
FN:8,(anonymous_0)
FN:15,(anonymous_1)
FN:24,(anonymous_2)
FN:29,(anonymous_3)
FN:34,(anonymous_4)
FN:56,(anonymous_5)
FN:66,(anonymous_6)
FN:82,(anonymous_7)
FN:89,(anonymous_8)
FN:105,(anonymous_9)
FN:118,(anonymous_10)
FN:131,(anonymous_11)
FNF:12
FNH:11
FNDA:11,(anonymous_0)
FNDA:2,(anonymous_1)
FNDA:2,(anonymous_2)
FNDA:1,(anonymous_3)
FNDA:1,(anonymous_4)
FNDA:22,(anonymous_5)
FNDA:2,(anonymous_6)
FNDA:1,(anonymous_7)
FNDA:1,(anonymous_8)
FNDA:2,(anonymous_9)
FNDA:1,(anonymous_10)
FNDA:0,(anonymous_11)
DA:8,1
DA:9,11
DA:10,11
DA:11,11
DA:12,11
DA:13,11
DA:15,11
DA:16,2
DA:17,2
DA:18,2
DA:19,2
DA:20,2
DA:24,11
DA:25,2
DA:26,2
DA:29,11
DA:30,1
DA:31,1
DA:34,11
DA:35,1
DA:36,1
DA:37,1
DA:38,1
DA:39,1
DA:43,11
DA:57,22
DA:66,2
DA:82,1
DA:89,1
DA:105,2
DA:118,1
DA:131,0
DA:140,1
LF:33
LH:32
BRDA:16,0,0,2
BRDA:16,0,1,0
BRDA:19,1,0,1
BRDA:19,1,1,1
BRDA:35,2,0,1
BRDA:35,2,1,0
BRDA:73,3,0,11
BRDA:73,3,1,11
BRDA:108,4,0,4
BRDA:108,4,1,7
BRF:10
BRH:8
end_of_record
TN:
SF:src\components\home\SummaryCard.jsx
FN:7,(anonymous_0)
FN:36,(anonymous_1)
FNF:2
FNH:2
FNDA:3,(anonymous_0)
FNDA:12,(anonymous_1)
DA:7,1
DA:9,3
DA:32,3
DA:37,12
LF:4
LH:4
BRF:0
BRH:0
end_of_record
TN:
SF:src\components\product\HeaderProduct.jsx
FN:4,(anonymous_0)
FN:17,(anonymous_1)
FN:32,(anonymous_2)
FNF:3
FNH:3
FNDA:2,(anonymous_0)
FNDA:1,(anonymous_1)
FNDA:1,(anonymous_2)
DA:4,1
DA:5,2
DA:7,2
DA:17,1
DA:32,1
LF:5
LH:5
BRF:0
BRH:0
end_of_record
TN:
SF:src\components\product\PaginationProduct.jsx
FN:4,(anonymous_0)
FN:25,(anonymous_1)
FN:32,(anonymous_2)
FN:41,(anonymous_3)
FN:41,(anonymous_4)
FN:58,(anonymous_5)
FN:58,(anonymous_6)
FNF:7
FNH:5
FNDA:7,(anonymous_0)
FNDA:1,(anonymous_1)
FNDA:21,(anonymous_2)
FNDA:1,(anonymous_3)
FNDA:0,(anonymous_4)
FNDA:1,(anonymous_5)
FNDA:0,(anonymous_6)
DA:4,1
DA:12,7
DA:13,7
DA:15,7
DA:26,1
DA:27,1
DA:33,21
DA:41,1
DA:58,1
DA:77,1
LF:10
LH:10
BRF:0
BRH:0
end_of_record
TN:
SF:src\components\product\ProductForm.jsx
FN:11,(anonymous_0)
FN:30,(anonymous_1)
FN:59,(anonymous_2)
FN:61,(anonymous_3)
FN:67,(anonymous_4)
FN:71,(anonymous_5)
FN:72,(anonymous_6)
FN:76,(anonymous_7)
FN:82,(anonymous_8)
FN:87,(anonymous_9)
FN:88,(anonymous_10)
FN:92,(anonymous_11)
FN:98,(anonymous_12)
FN:99,(anonymous_13)
FN:99,(anonymous_14)
FN:101,(anonymous_15)
FN:108,(anonymous_16)
FN:110,(anonymous_17)
FN:114,(anonymous_18)
FN:119,(anonymous_19)
FN:123,(anonymous_20)
FN:160,(anonymous_21)
FN:191,(anonymous_22)
FN:199,(anonymous_23)
FNF:24
FNH:3
FNDA:4,(anonymous_0)
FNDA:3,(anonymous_1)
FNDA:0,(anonymous_2)
FNDA:0,(anonymous_3)
FNDA:0,(anonymous_4)
FNDA:0,(anonymous_5)
FNDA:0,(anonymous_6)
FNDA:0,(anonymous_7)
FNDA:0,(anonymous_8)
FNDA:0,(anonymous_9)
FNDA:0,(anonymous_10)
FNDA:0,(anonymous_11)
FNDA:0,(anonymous_12)
FNDA:0,(anonymous_13)
FNDA:0,(anonymous_14)
FNDA:0,(anonymous_15)
FNDA:0,(anonymous_16)
FNDA:0,(anonymous_17)
FNDA:0,(anonymous_18)
FNDA:0,(anonymous_19)
FNDA:0,(anonymous_20)
FNDA:5,(anonymous_21)
FNDA:0,(anonymous_22)
FNDA:0,(anonymous_23)
DA:11,1
DA:12,4
DA:13,4
DA:14,4
DA:15,4
DA:16,4
DA:18,4
DA:20,4
DA:30,4
DA:31,3
DA:32,1
DA:40,1
DA:50,1
DA:55,1
DA:59,4
DA:60,0
DA:61,0
DA:67,4
DA:68,0
DA:69,0
DA:70,0
DA:71,0
DA:72,0
DA:76,0
DA:78,0
DA:82,4
DA:83,0
DA:84,0
DA:85,0
DA:86,0
DA:87,0
DA:88,0
DA:92,0
DA:94,0
DA:98,4
DA:99,0
DA:100,0
DA:101,0
DA:108,4
DA:109,0
DA:110,0
DA:111,0
DA:114,4
DA:115,0
DA:116,0
DA:119,4
DA:120,0
DA:121,0
DA:122,0
DA:123,0
DA:124,0
DA:127,0
DA:131,4
DA:161,5
DA:191,0
DA:199,0
DA:208,1
LF:57
LH:24
BRDA:11,0,0,0
BRDA:31,1,0,1
BRDA:31,1,1,2
BRDA:31,2,0,3
BRDA:31,2,1,3
BRDA:69,3,0,0
BRDA:69,3,1,0
BRDA:85,4,0,0
BRDA:85,4,1,0
BRDA:100,5,0,0
BRDA:100,5,1,0
BRDA:147,6,0,4
BRDA:147,6,1,2
BRDA:158,7,0,4
BRDA:158,7,1,2
BRDA:158,7,2,1
BRDA:171,8,0,5
BRDA:171,8,1,1
BRDA:188,9,0,4
BRDA:188,9,1,0
BRDA:200,10,0,0
BRDA:200,10,1,4
BRF:22
BRH:13
end_of_record
TN:
SF:src\components\product\TableProduct.jsx
FN:12,(anonymous_0)
FN:30,(anonymous_1)
FN:42,(anonymous_2)
FN:69,(anonymous_3)
FN:79,(anonymous_4)
FN:85,(anonymous_5)
FN:90,(anonymous_6)
FN:109,(anonymous_7)
FN:111,(anonymous_8)
FN:120,(anonymous_9)
FN:131,(anonymous_10)
FN:147,(anonymous_11)
FN:160,(anonymous_12)
FN:172,(anonymous_13)
FN:182,(anonymous_14)
FNF:15
FNH:10
FNDA:7,(anonymous_0)
FNDA:0,(anonymous_1)
FNDA:7,(anonymous_2)
FNDA:0,(anonymous_3)
FNDA:1,(anonymous_4)
FNDA:1,(anonymous_5)
FNDA:1,(anonymous_6)
FNDA:49,(anonymous_7)
FNDA:0,(anonymous_8)
FNDA:14,(anonymous_9)
FNDA:1,(anonymous_10)
FNDA:1,(anonymous_11)
FNDA:0,(anonymous_12)
FNDA:1,(anonymous_13)
FNDA:0,(anonymous_14)
DA:12,1
DA:13,7
DA:14,7
DA:15,7
DA:16,7
DA:17,7
DA:18,7
DA:20,7
DA:30,7
DA:31,0
DA:32,0
DA:34,0
DA:35,0
DA:38,0
DA:42,7
DA:43,7
DA:45,0
DA:46,0
DA:48,0
DA:49,0
DA:50,0
DA:53,0
DA:54,0
DA:55,0
DA:58,0
DA:59,0
DA:60,0
DA:63,0
DA:64,0
DA:65,0
DA:69,7
DA:70,0
DA:71,0
DA:72,0
DA:73,0
DA:74,0
DA:79,7
DA:80,1
DA:81,1
DA:85,7
DA:86,1
DA:87,1
DA:90,7
DA:91,1
DA:92,1
DA:93,1
DA:94,1
DA:95,1
DA:96,1
DA:101,7
DA:103,7
DA:110,49
DA:111,0
DA:121,14
DA:131,1
DA:147,1
DA:160,0
DA:172,1
DA:182,0
DA:187,1
LF:60
LH:33
BRDA:12,0,0,0
BRDA:34,1,0,0
BRDA:34,1,1,0
BRDA:34,2,0,0
BRDA:34,2,1,0
BRDA:43,3,0,7
BRDA:43,3,1,0
BRDA:48,4,0,0
BRDA:48,4,1,0
BRDA:53,5,0,0
BRDA:53,5,1,0
BRDA:58,6,0,0
BRDA:58,6,1,0
BRDA:63,7,0,0
BRDA:63,7,1,0
BRDA:63,8,0,0
BRDA:63,8,1,0
BRDA:64,9,0,0
BRDA:64,9,1,0
BRDA:64,10,0,0
BRDA:64,10,1,0
BRDA:70,11,0,0
BRDA:70,11,1,0
BRDA:73,12,0,0
BRDA:73,12,1,0
BRDA:91,13,0,1
BRDA:91,13,1,0
BRDA:93,14,0,1
BRDA:93,14,1,0
BRDA:111,15,0,0
BRDA:111,15,1,0
BRDA:112,16,0,42
BRDA:112,16,1,7
BRDA:134,17,0,7
BRDA:134,17,1,7
BRDA:163,18,0,3
BRDA:163,18,1,4
BRF:37
BRH:9
end_of_record
TN:
SF:src\components\product\VariantProduct.jsx
FN:4,(anonymous_0)
FN:10,(anonymous_1)
FN:14,(anonymous_2)
FN:25,(anonymous_3)
FN:34,(anonymous_4)
FN:45,(anonymous_5)
FN:46,(anonymous_6)
FN:49,(anonymous_7)
FN:51,(anonymous_8)
FN:55,(anonymous_9)
FN:73,(anonymous_10)
FN:74,(anonymous_11)
FN:91,(anonymous_12)
FN:103,(anonymous_13)
FN:113,(anonymous_14)
FN:125,(anonymous_15)
FN:133,(anonymous_16)
FN:151,(anonymous_17)
FN:152,(anonymous_18)
FN:163,(anonymous_19)
FNF:20
FNH:17
FNDA:18,(anonymous_0)
FNDA:7,(anonymous_1)
FNDA:1,(anonymous_2)
FNDA:1,(anonymous_3)
FNDA:0,(anonymous_4)
FNDA:1,(anonymous_5)
FNDA:2,(anonymous_6)
FNDA:1,(anonymous_7)
FNDA:3,(anonymous_8)
FNDA:1,(anonymous_9)
FNDA:1,(anonymous_10)
FNDA:0,(anonymous_11)
FNDA:27,(anonymous_12)
FNDA:1,(anonymous_13)
FNDA:1,(anonymous_14)
FNDA:69,(anonymous_15)
FNDA:1,(anonymous_16)
FNDA:1,(anonymous_17)
FNDA:0,(anonymous_18)
FNDA:1,(anonymous_19)
DA:4,2
DA:5,18
DA:6,18
DA:7,18
DA:8,18
DA:10,18
DA:11,7
DA:14,18
DA:15,1
DA:16,1
DA:20,1
DA:21,1
DA:25,18
DA:26,1
DA:27,1
DA:28,1
DA:29,1
DA:30,1
DA:34,18
DA:35,0
DA:36,0
DA:37,0
DA:38,0
DA:39,0
DA:40,0
DA:45,18
DA:46,2
DA:49,18
DA:50,1
DA:51,3
DA:52,1
DA:55,18
DA:56,1
DA:57,1
DA:61,18
DA:73,1
DA:74,0
DA:92,27
DA:103,1
DA:113,1
DA:126,69
DA:133,1
DA:151,1
DA:153,0
DA:154,0
DA:155,0
DA:163,1
DA:198,2
LF:48
LH:38
BRDA:4,0,0,0
BRDA:15,1,0,1
BRDA:15,1,1,0
BRDA:26,2,0,1
BRDA:26,2,1,0
BRDA:35,3,0,0
BRDA:35,3,1,0
BRDA:37,4,0,0
BRDA:37,4,1,0
BRDA:39,5,0,0
BRDA:39,5,1,0
BRDA:56,6,0,1
BRDA:56,6,1,0
BRDA:145,7,0,27
BRDA:145,7,1,4
BRDA:153,8,0,0
BRDA:153,8,1,0
BRF:17
BRH:5
end_of_record
TN:
SF:src\components\product\productform\ProductAction.jsx
FN:5,(anonymous_0)
FN:8,(anonymous_1)
FN:19,(anonymous_2)
FN:32,(anonymous_3)
FNF:4
FNH:4
FNDA:22,(anonymous_0)
FNDA:22,(anonymous_1)
FNDA:6,(anonymous_2)
FNDA:2,(anonymous_3)
DA:5,3
DA:6,22
DA:8,22
DA:9,22
DA:11,4
DA:13,8
DA:15,10
DA:19,22
DA:20,6
DA:21,2
DA:23,4
DA:27,22
DA:32,2
DA:49,3
LF:14
LH:14
BRDA:5,0,0,0
BRDA:9,1,0,4
BRDA:9,1,1,8
BRDA:9,1,2,10
BRDA:20,2,0,2
BRDA:20,2,1,4
BRDA:29,3,0,22
BRDA:29,3,1,14
BRF:8
BRH:7
end_of_record
TN:
SF:src\components\product\productform\ProductDetailsForm.jsx
FN:4,(anonymous_0)
FN:83,(anonymous_1)
FN:93,(anonymous_2)
FN:101,(anonymous_3)
FNF:4
FNH:2
FNDA:4,(anonymous_0)
FNDA:0,(anonymous_1)
FNDA:2,(anonymous_2)
FNDA:0,(anonymous_3)
DA:4,1
DA:5,4
DA:21,4
DA:83,0
DA:94,2
DA:101,0
DA:143,1
LF:7
LH:5
BRDA:5,0,0,2
BRDA:5,0,1,2
BRDA:30,1,0,2
BRDA:30,1,1,2
BRDA:42,2,0,2
BRDA:42,2,1,2
BRDA:55,3,0,2
BRDA:55,3,1,2
BRDA:67,4,0,2
BRDA:67,4,1,2
BRDA:80,5,0,3
BRDA:80,5,1,1
BRDA:98,6,0,1
BRDA:98,6,1,0
BRDA:116,7,0,2
BRDA:116,7,1,2
BRDA:128,8,0,2
BRDA:128,8,1,2
BRDA:131,9,0,2
BRDA:131,9,1,2
BRF:20
BRH:19
end_of_record
TN:
SF:src\components\product\productform\ProductHeader.jsx
FN:5,(anonymous_0)
FN:8,(anonymous_1)
FN:22,(anonymous_2)
FN:28,(anonymous_3)
FN:32,(anonymous_4)
FNF:5
FNH:5
FNDA:13,(anonymous_0)
FNDA:13,(anonymous_1)
FNDA:1,(anonymous_2)
FNDA:1,(anonymous_3)
FNDA:1,(anonymous_4)
DA:5,2
DA:6,13
DA:8,13
DA:9,13
DA:11,2
DA:13,4
DA:15,7
DA:19,13
DA:22,1
DA:28,1
DA:32,1
DA:42,2
LF:12
LH:12
BRDA:5,0,0,0
BRDA:9,1,0,2
BRDA:9,1,1,4
BRDA:9,1,2,7
BRF:4
BRH:3
end_of_record
TN:
SF:src\components\product\productform\ProductPhotoUploader.jsx
FN:4,(anonymous_0)
FN:10,(anonymous_1)
FN:11,(anonymous_2)
FN:37,(anonymous_3)
FN:48,(anonymous_4)
FN:73,(anonymous_5)
FNF:6
FNH:4
FNDA:7,(anonymous_0)
FNDA:0,(anonymous_1)
FNDA:0,(anonymous_2)
FNDA:6,(anonymous_3)
FNDA:1,(anonymous_4)
FNDA:1,(anonymous_5)
DA:4,2
DA:5,7
DA:10,0
DA:11,0
DA:38,6
DA:48,1
DA:73,1
DA:86,2
LF:8
LH:6
BRDA:35,0,0,7
BRDA:35,0,1,3
BRDA:63,1,0,6
BRDA:63,1,1,3
BRDA:70,2,0,6
BRDA:70,2,1,3
BRF:6
BRH:6
end_of_record
TN:
SF:src\components\rating\PaginationRating.jsx
FN:5,(anonymous_0)
FN:29,(anonymous_1)
FN:44,(anonymous_2)
FN:44,(anonymous_3)
FN:64,(anonymous_4)
FN:64,(anonymous_5)
FNF:6
FNH:2
FNDA:7,(anonymous_0)
FNDA:1,(anonymous_1)
FNDA:0,(anonymous_2)
FNDA:0,(anonymous_3)
FNDA:0,(anonymous_4)
FNDA:0,(anonymous_5)
DA:5,2
DA:15,7
DA:30,1
DA:31,1
DA:44,0
DA:64,0
DA:82,2
LF:7
LH:5
BRF:0
BRH:0
end_of_record
TN:
SF:src\components\rating\RatingBreadCrumb.jsx
FN:4,(anonymous_0)
FNF:1
FNH:1
FNDA:2,(anonymous_0)
DA:4,1
DA:5,2
LF:2
LH:2
BRF:0
BRH:0
end_of_record
TN:
SF:src\components\rating\RatingHeader.jsx
FN:10,(anonymous_0)
FN:18,(anonymous_1)
FN:65,(anonymous_2)
FNF:3
FNH:2
FNDA:2,(anonymous_0)
FNDA:0,(anonymous_1)
FNDA:1,(anonymous_2)
DA:10,1
DA:12,2
DA:18,2
DA:19,0
DA:22,2
DA:65,1
DA:73,1
LF:7
LH:6
BRDA:19,0,0,0
BRDA:19,0,1,0
BRDA:28,1,0,0
BRDA:28,1,1,2
BRF:4
BRH:1
end_of_record
TN:
SF:src\components\rating\RatingTable.jsx
FN:7,(anonymous_0)
FN:26,(anonymous_1)
FN:35,(anonymous_2)
FN:45,(anonymous_3)
FN:59,(anonymous_4)
FN:80,(anonymous_5)
FN:95,(anonymous_6)
FN:101,(anonymous_7)
FN:107,(anonymous_8)
FN:113,(anonymous_9)
FN:125,(anonymous_10)
FN:137,(anonymous_11)
FN:168,(anonymous_12)
FNF:13
FNH:9
FNDA:6,(anonymous_0)
FNDA:1,(anonymous_1)
FNDA:20,(anonymous_2)
FNDA:6,(anonymous_3)
FNDA:10,(anonymous_4)
FNDA:20,(anonymous_5)
FNDA:1,(anonymous_6)
FNDA:0,(anonymous_7)
FNDA:0,(anonymous_8)
FNDA:0,(anonymous_9)
FNDA:10,(anonymous_10)
FNDA:1,(anonymous_11)
FNDA:0,(anonymous_12)
DA:7,1
DA:26,6
DA:27,1
DA:28,1
DA:29,0
DA:31,1
DA:35,6
DA:36,20
DA:37,16
DA:40,4
DA:41,4
DA:43,4
DA:46,6
DA:59,6
DA:60,10
DA:61,10
DA:62,10
DA:70,6
DA:71,1
DA:80,5
DA:81,20
DA:86,5
DA:95,1
DA:101,0
DA:107,0
DA:113,0
DA:126,10
DA:137,1
DA:169,0
DA:170,0
DA:187,1
LF:31
LH:25
BRDA:28,0,0,0
BRDA:28,0,1,1
BRDA:28,1,0,1
BRDA:28,1,1,0
BRDA:36,2,0,16
BRDA:36,2,1,4
BRDA:46,3,0,1
BRDA:46,3,1,5
BRDA:60,4,0,0
BRDA:60,4,1,10
BRDA:70,5,0,1
BRDA:70,5,1,5
BRDA:70,6,0,6
BRDA:70,6,1,6
BRDA:74,7,0,1
BRDA:74,7,1,0
BRDA:75,8,0,1
BRDA:75,8,1,0
BRDA:81,9,0,0
BRDA:81,9,1,20
BRDA:82,10,0,0
BRDA:82,10,1,20
BRDA:82,11,0,20
BRDA:82,11,1,0
BRDA:134,12,0,0
BRDA:134,12,1,10
BRDA:139,13,0,0
BRDA:139,13,1,10
BRF:28
BRH:18
end_of_record
TN:
SF:src\components\stock\ControlsStock.jsx
FN:9,(anonymous_0)
FN:23,(anonymous_1)
FN:68,(anonymous_2)
FNF:3
FNH:2
FNDA:4,(anonymous_0)
FNDA:0,(anonymous_1)
FNDA:1,(anonymous_2)
DA:9,1
DA:17,4
DA:23,4
DA:24,0
DA:27,4
DA:68,1
DA:82,1
LF:7
LH:6
BRDA:24,0,0,0
BRDA:24,0,1,0
BRDA:33,1,0,0
BRDA:33,1,1,4
BRF:4
BRH:1
end_of_record
TN:
SF:src\components\stock\HeaderStock.jsx
FN:5,(anonymous_0)
FN:11,(anonymous_1)
FNF:2
FNH:2
FNDA:6,(anonymous_0)
FNDA:10,(anonymous_1)
DA:5,1
DA:6,6
DA:12,10
DA:26,1
LF:4
LH:4
BRDA:14,0,0,10
BRDA:14,0,1,5
BRF:2
BRH:2
end_of_record
TN:
SF:src\components\stock\PaginationStock.jsx
FN:4,(anonymous_0)
FN:17,(anonymous_1)
FN:31,(anonymous_2)
FN:31,(anonymous_3)
FN:43,(anonymous_4)
FN:43,(anonymous_5)
FNF:6
FNH:2
FNDA:4,(anonymous_0)
FNDA:1,(anonymous_1)
FNDA:0,(anonymous_2)
FNDA:0,(anonymous_3)
FNDA:0,(anonymous_4)
FNDA:0,(anonymous_5)
DA:4,1
DA:5,4
DA:18,1
DA:19,1
DA:31,0
DA:43,0
DA:54,1
LF:7
LH:5
BRF:0
BRH:0
end_of_record
TN:
SF:src\components\stock\TableStock.jsx
FN:10,(anonymous_0)
FN:25,(anonymous_1)
FN:32,(anonymous_2)
FN:56,(anonymous_3)
FN:68,(anonymous_4)
FN:78,(anonymous_5)
FN:89,(anonymous_6)
FN:94,(anonymous_7)
FN:109,(anonymous_8)
FN:116,(anonymous_9)
FN:120,(anonymous_10)
FN:156,(anonymous_11)
FN:165,(anonymous_12)
FN:174,(anonymous_13)
FN:183,(anonymous_14)
FN:194,(anonymous_15)
FN:226,(anonymous_16)
FN:233,(anonymous_17)
FN:241,(anonymous_18)
FN:257,(anonymous_19)
FNF:20
FNH:10
FNDA:5,(anonymous_0)
FNDA:1,(anonymous_1)
FNDA:10,(anonymous_2)
FNDA:20,(anonymous_3)
FNDA:30,(anonymous_4)
FNDA:0,(anonymous_5)
FNDA:0,(anonymous_6)
FNDA:0,(anonymous_7)
FNDA:1,(anonymous_8)
FNDA:0,(anonymous_9)
FNDA:15,(anonymous_10)
FNDA:1,(anonymous_11)
FNDA:0,(anonymous_12)
FNDA:0,(anonymous_13)
FNDA:0,(anonymous_14)
FNDA:15,(anonymous_15)
FNDA:1,(anonymous_16)
FNDA:0,(anonymous_17)
FNDA:0,(anonymous_18)
FNDA:0,(anonymous_19)
DA:10,1
DA:17,5
DA:18,5
DA:19,5
DA:20,5
DA:21,5
DA:22,5
DA:25,5
DA:26,1
DA:27,1
DA:28,1
DA:32,5
DA:33,10
DA:36,2
DA:37,0
DA:38,0
DA:39,0
DA:43,2
DA:44,0
DA:48,2
DA:49,2
DA:51,2
DA:56,5
DA:57,20
DA:68,5
DA:69,30
DA:70,30
DA:73,0
DA:74,0
DA:76,0
DA:79,0
DA:89,5
DA:90,0
DA:91,0
DA:94,5
DA:95,0
DA:96,0
DA:97,0
DA:98,0
DA:99,0
DA:100,0
DA:102,0
DA:104,0
DA:109,5
DA:110,1
DA:111,1
DA:112,1
DA:116,5
DA:117,0
DA:120,5
DA:121,15
DA:122,15
DA:123,15
DA:130,5
DA:131,0
DA:148,5
DA:156,1
DA:165,0
DA:174,0
DA:183,0
DA:195,15
DA:226,1
DA:233,0
DA:241,0
DA:257,0
DA:270,1
LF:66
LH:40
BRDA:13,0,0,5
BRDA:14,1,0,5
BRDA:26,2,0,0
BRDA:26,2,1,1
BRDA:26,3,0,1
BRDA:26,3,1,0
BRDA:33,4,0,8
BRDA:33,4,1,2
BRDA:36,5,0,0
BRDA:36,5,1,2
BRDA:39,6,0,0
BRDA:39,6,1,0
BRDA:43,7,0,0
BRDA:43,7,1,2
BRDA:44,8,0,0
BRDA:44,8,1,0
BRDA:51,9,0,2
BRDA:51,9,1,0
BRDA:58,10,0,1
BRDA:58,10,1,19
BRDA:61,11,0,1
BRDA:61,11,1,19
BRDA:61,12,0,20
BRDA:61,12,1,1
BRDA:69,13,0,30
BRDA:69,13,1,0
BRDA:79,14,0,0
BRDA:79,14,1,0
BRDA:95,15,0,0
BRDA:95,15,1,0
BRDA:95,16,0,0
BRDA:95,16,1,0
BRDA:111,17,0,1
BRDA:111,17,1,0
BRDA:121,18,0,0
BRDA:121,18,1,15
BRDA:130,19,0,0
BRDA:130,19,1,5
BRDA:130,20,0,5
BRDA:130,20,1,5
BRDA:134,21,0,0
BRDA:134,21,1,0
BRDA:139,22,0,0
BRDA:139,22,1,0
BRDA:208,23,0,5
BRDA:208,23,1,10
BRDA:210,24,0,5
BRDA:210,24,1,5
BRDA:257,25,0,0
BRDA:257,25,1,0
BRDA:263,26,0,0
BRDA:263,26,1,5
BRF:52
BRH:26
end_of_record
TN:
SF:src\components\sweetalert\AlertDialog.jsx
FN:6,(anonymous_0)
FN:11,(anonymous_1)
FN:21,(anonymous_2)
FN:25,(anonymous_3)
FNF:4
FNH:3
FNDA:41,(anonymous_0)
FNDA:4,(anonymous_1)
FNDA:0,(anonymous_2)
FNDA:5,(anonymous_3)
DA:6,3
DA:7,41
DA:9,41
DA:11,6
DA:12,4
DA:13,4
DA:14,4
DA:15,4
DA:17,0
DA:21,6
DA:22,0
DA:25,6
DA:26,5
DA:27,2
DA:33,3
DA:40,6
LF:16
LH:14
BRDA:6,0,0,0
BRDA:6,1,0,0
BRDA:6,2,0,0
BRDA:6,3,0,5
BRDA:6,4,0,5
BRDA:9,5,0,35
BRDA:9,5,1,6
BRDA:9,6,0,41
BRDA:9,6,1,36
BRDA:26,7,0,2
BRDA:26,7,1,3
BRDA:42,8,0,6
BRDA:42,8,1,5
BRDA:69,9,0,3
BRDA:69,9,1,3
BRDA:69,10,0,3
BRDA:69,10,1,0
BRF:17
BRH:13
end_of_record
TN:
SF:src\components\sweetalert\SuccessAlert.jsx
FN:4,(anonymous_0)
FN:10,(anonymous_1)
FN:12,(anonymous_2)
FN:16,(anonymous_3)
FNF:4
FNH:3
FNDA:33,(anonymous_0)
FNDA:33,(anonymous_1)
FNDA:0,(anonymous_2)
FNDA:5,(anonymous_3)
DA:4,5
DA:10,33
DA:11,33
DA:12,5
DA:13,0
DA:16,5
DA:20,33
DA:22,5
LF:8
LH:7
BRDA:7,0,0,0
BRDA:8,1,0,0
BRDA:11,2,0,5
BRDA:11,2,1,28
BRDA:20,3,0,28
BRDA:20,3,1,5
BRDA:29,4,0,5
BRDA:29,4,1,0
BRDA:38,5,0,5
BRDA:38,5,1,0
BRDA:39,6,0,5
BRDA:39,6,1,0
BRDA:40,7,0,5
BRDA:40,7,1,0
BRDA:47,8,0,5
BRDA:47,8,1,0
BRDA:58,9,0,5
BRDA:58,9,1,0
BRF:18
BRH:10
end_of_record
